[0.236s] DEBUG:colcon:Command line arguments: ['/usr/bin/colcon', 'build', '--event-handlers', 'console_direct+', '--cmake-args', '-DCMAKE_BUILD_TYPE=RelWithDebug']
[0.236s] DEBUG:colcon:Parsed command line arguments: Namespace(ament_cmake_args=None, base_paths=['.'], build_base='build', catkin_cmake_args=None, catkin_skip_building_tests=False, cmake_args=['-DCMAKE_BUILD_TYPE=RelWithDebug'], cmake_clean_cache=False, cmake_clean_first=False, cmake_force_configure=False, cmake_target=None, cmake_target_skip_unavailable=False, continue_on_error=False, event_handlers=['console_direct+'], executor='parallel', ignore_user_meta=False, install_base='install', log_base=None, log_level=None, main=<bound method BuildVerb.main of <colcon_core.verb.build.BuildVerb object at 0x7f9bee7e60a0>>, merge_install=False, metas=['./colcon.meta'], packages_above=None, packages_above_and_dependencies=None, packages_above_depth=None, packages_end=None, packages_ignore=None, packages_ignore_regex=None, packages_select=None, packages_select_build_failed=False, packages_select_by_dep=None, packages_select_regex=None, packages_select_test_failures=False, packages_skip=None, packages_skip_build_finished=False, packages_skip_by_dep=None, packages_skip_regex=None, packages_skip_test_passed=False, packages_skip_up_to=None, packages_start=None, packages_up_to=None, packages_up_to_regex=None, parallel_workers=64, paths=None, symlink_install=False, test_result_base=None, verb_extension=<colcon_core.verb.build.BuildVerb object at 0x7f9bee7e60a0>, verb_name='build', verb_parser=<colcon_defaults.argument_parser.defaults.DefaultArgumentsDecorator object at 0x7f9bee7e6550>)
[0.240s] Level 1:colcon.colcon_core.package_discovery:discover_packages(colcon_meta) check parameters
[0.240s] Level 1:colcon.colcon_core.package_discovery:discover_packages(recursive) check parameters
[0.240s] Level 1:colcon.colcon_core.package_discovery:discover_packages(ignore) check parameters
[0.240s] Level 1:colcon.colcon_core.package_discovery:discover_packages(path) check parameters
[0.240s] Level 1:colcon.colcon_core.package_discovery:discover_packages(colcon_meta) discover
[0.240s] Level 1:colcon.colcon_core.package_discovery:discover_packages(recursive) discover
[0.240s] INFO:colcon.colcon_core.package_discovery:Crawling recursively for packages in '/home/bdonyanavard/repos/ORB_SLAM3/Examples/ROS/ORB_SLAM3'
[0.240s] Level 1:colcon.colcon_core.package_identification:_identify(.) by extensions ['ignore', 'ignore_ament_install']
[0.240s] Level 1:colcon.colcon_core.package_identification:_identify(.) by extension 'ignore'
[0.240s] Level 1:colcon.colcon_core.package_identification:_identify(.) by extension 'ignore_ament_install'
[0.240s] Level 1:colcon.colcon_core.package_identification:_identify(.) by extensions ['colcon_pkg']
[0.240s] Level 1:colcon.colcon_core.package_identification:_identify(.) by extension 'colcon_pkg'
[0.240s] Level 1:colcon.colcon_core.package_identification:_identify(.) by extensions ['colcon_meta']
[0.240s] Level 1:colcon.colcon_core.package_identification:_identify(.) by extension 'colcon_meta'
[0.240s] Level 1:colcon.colcon_core.package_identification:_identify(.) by extensions ['ros']
[0.240s] Level 1:colcon.colcon_core.package_identification:_identify(.) by extension 'ros'
[0.249s] DEBUG:colcon.colcon_core.package_identification:Package '.' with type 'ros.ament_cmake' and name 'ORB_SLAM3'
[0.249s] Level 1:colcon.colcon_core.package_discovery:discover_packages(recursive) using defaults
[0.250s] Level 1:colcon.colcon_core.package_discovery:discover_packages(ignore) discover
[0.250s] Level 1:colcon.colcon_core.package_discovery:discover_packages(ignore) using defaults
[0.250s] Level 1:colcon.colcon_core.package_discovery:discover_packages(path) discover
[0.250s] Level 1:colcon.colcon_core.package_discovery:discover_packages(path) using defaults
[0.262s] Level 5:colcon.colcon_core.verb:set package 'ORB_SLAM3' build argument 'cmake_args' from command line to '['-DCMAKE_BUILD_TYPE=RelWithDebug']'
[0.262s] Level 5:colcon.colcon_core.verb:set package 'ORB_SLAM3' build argument 'cmake_target' from command line to 'None'
[0.262s] Level 5:colcon.colcon_core.verb:set package 'ORB_SLAM3' build argument 'cmake_target_skip_unavailable' from command line to 'False'
[0.262s] Level 5:colcon.colcon_core.verb:set package 'ORB_SLAM3' build argument 'cmake_clean_cache' from command line to 'False'
[0.262s] Level 5:colcon.colcon_core.verb:set package 'ORB_SLAM3' build argument 'cmake_clean_first' from command line to 'False'
[0.263s] Level 5:colcon.colcon_core.verb:set package 'ORB_SLAM3' build argument 'cmake_force_configure' from command line to 'False'
[0.263s] Level 5:colcon.colcon_core.verb:set package 'ORB_SLAM3' build argument 'ament_cmake_args' from command line to 'None'
[0.263s] Level 5:colcon.colcon_core.verb:set package 'ORB_SLAM3' build argument 'catkin_cmake_args' from command line to 'None'
[0.263s] Level 5:colcon.colcon_core.verb:set package 'ORB_SLAM3' build argument 'catkin_skip_building_tests' from command line to 'False'
[0.263s] DEBUG:colcon.colcon_core.verb:Building package 'ORB_SLAM3' with the following arguments: {'ament_cmake_args': None, 'build_base': '/home/bdonyanavard/repos/ORB_SLAM3/Examples/ROS/ORB_SLAM3/build/ORB_SLAM3', 'catkin_cmake_args': None, 'catkin_skip_building_tests': False, 'cmake_args': ['-DCMAKE_BUILD_TYPE=RelWithDebug'], 'cmake_clean_cache': False, 'cmake_clean_first': False, 'cmake_force_configure': False, 'cmake_target': None, 'cmake_target_skip_unavailable': False, 'install_base': '/home/bdonyanavard/repos/ORB_SLAM3/Examples/ROS/ORB_SLAM3/install/ORB_SLAM3', 'merge_install': False, 'path': '/home/bdonyanavard/repos/ORB_SLAM3/Examples/ROS/ORB_SLAM3', 'symlink_install': False, 'test_result_base': None}
[0.263s] INFO:colcon.colcon_core.executor:Executing jobs using 'parallel' executor
[0.264s] DEBUG:colcon.colcon_parallel_executor.executor.parallel:run_until_complete
[0.265s] INFO:colcon.colcon_ros.task.ament_cmake.build:Building ROS package in '/home/bdonyanavard/repos/ORB_SLAM3/Examples/ROS/ORB_SLAM3' with build type 'ament_cmake'
[0.265s] INFO:colcon.colcon_cmake.task.cmake.build:Building CMake package in '/home/bdonyanavard/repos/ORB_SLAM3/Examples/ROS/ORB_SLAM3'
[0.267s] INFO:colcon.colcon_core.plugin_system:Skipping extension 'colcon_core.shell.bat': Not used on non-Windows systems
[0.267s] INFO:colcon.colcon_core.shell:Skip shell extension 'powershell' for command environment: Not usable outside of PowerShell
[0.267s] DEBUG:colcon.colcon_core.shell:Skip shell extension 'dsv' for command environment
[0.269s] DEBUG:colcon.colcon_core.shell:Ignoring prefix path '/opt/ros/foxy'
[0.276s] DEBUG:colcon.colcon_core.event_handler.log_command:Invoking command in '/home/bdonyanavard/repos/ORB_SLAM3/Examples/ROS/ORB_SLAM3/build/ORB_SLAM3': CMAKE_PREFIX_PATH=/opt/ros/foxy /usr/bin/cmake /home/bdonyanavard/repos/ORB_SLAM3/Examples/ROS/ORB_SLAM3 -DCMAKE_BUILD_TYPE=RelWithDebug -DCMAKE_INSTALL_PREFIX=/home/bdonyanavard/repos/ORB_SLAM3/Examples/ROS/ORB_SLAM3/install/ORB_SLAM3
[1.823s] DEBUG:colcon.colcon_core.event_handler.log_command:Invoked command in '/home/bdonyanavard/repos/ORB_SLAM3/Examples/ROS/ORB_SLAM3/build/ORB_SLAM3' returned '0': CMAKE_PREFIX_PATH=/opt/ros/foxy /usr/bin/cmake /home/bdonyanavard/repos/ORB_SLAM3/Examples/ROS/ORB_SLAM3 -DCMAKE_BUILD_TYPE=RelWithDebug -DCMAKE_INSTALL_PREFIX=/home/bdonyanavard/repos/ORB_SLAM3/Examples/ROS/ORB_SLAM3/install/ORB_SLAM3
[1.827s] DEBUG:colcon.colcon_core.event_handler.log_command:Invoking command in '/home/bdonyanavard/repos/ORB_SLAM3/Examples/ROS/ORB_SLAM3/build/ORB_SLAM3': CMAKE_PREFIX_PATH=/opt/ros/foxy /usr/bin/cmake --build /home/bdonyanavard/repos/ORB_SLAM3/Examples/ROS/ORB_SLAM3/build/ORB_SLAM3 -- -j64 -l64
[14.588s] DEBUG:colcon.colcon_core.event_handler.log_command:Invoked command in '/home/bdonyanavard/repos/ORB_SLAM3/Examples/ROS/ORB_SLAM3/build/ORB_SLAM3' returned '2': CMAKE_PREFIX_PATH=/opt/ros/foxy /usr/bin/cmake --build /home/bdonyanavard/repos/ORB_SLAM3/Examples/ROS/ORB_SLAM3/build/ORB_SLAM3 -- -j64 -l64
[14.618s] Level 1:colcon.colcon_core.environment:create_environment_scripts_only(ORB_SLAM3)
[14.622s] Level 1:colcon.colcon_core.environment:checking '/home/bdonyanavard/repos/ORB_SLAM3/Examples/ROS/ORB_SLAM3/install/ORB_SLAM3' for CMake module files
[14.622s] Level 1:colcon.colcon_core.environment:checking '/home/bdonyanavard/repos/ORB_SLAM3/Examples/ROS/ORB_SLAM3/install/ORB_SLAM3' for CMake config files
[14.622s] Level 1:colcon.colcon_core.environment:checking '/home/bdonyanavard/repos/ORB_SLAM3/Examples/ROS/ORB_SLAM3/install/ORB_SLAM3/bin'
[14.623s] Level 1:colcon.colcon_core.environment:checking '/home/bdonyanavard/repos/ORB_SLAM3/Examples/ROS/ORB_SLAM3/install/ORB_SLAM3/lib/pkgconfig/ORB_SLAM3.pc'
[14.623s] Level 1:colcon.colcon_core.environment:checking '/home/bdonyanavard/repos/ORB_SLAM3/Examples/ROS/ORB_SLAM3/install/ORB_SLAM3/lib/python3.8/site-packages'
[14.623s] INFO:colcon.colcon_core.shell:Creating package script '/home/bdonyanavard/repos/ORB_SLAM3/Examples/ROS/ORB_SLAM3/install/ORB_SLAM3/share/ORB_SLAM3/package.ps1'
[14.624s] INFO:colcon.colcon_core.shell:Creating package descriptor '/home/bdonyanavard/repos/ORB_SLAM3/Examples/ROS/ORB_SLAM3/install/ORB_SLAM3/share/ORB_SLAM3/package.dsv'
[14.624s] INFO:colcon.colcon_core.shell:Creating package script '/home/bdonyanavard/repos/ORB_SLAM3/Examples/ROS/ORB_SLAM3/install/ORB_SLAM3/share/ORB_SLAM3/package.sh'
[14.624s] INFO:colcon.colcon_core.shell:Creating package script '/home/bdonyanavard/repos/ORB_SLAM3/Examples/ROS/ORB_SLAM3/install/ORB_SLAM3/share/ORB_SLAM3/package.bash'
[14.625s] INFO:colcon.colcon_core.shell:Creating package script '/home/bdonyanavard/repos/ORB_SLAM3/Examples/ROS/ORB_SLAM3/install/ORB_SLAM3/share/ORB_SLAM3/package.zsh'
[14.625s] Level 1:colcon.colcon_core.environment:create_file_with_runtime_dependencies(/home/bdonyanavard/repos/ORB_SLAM3/Examples/ROS/ORB_SLAM3/install/ORB_SLAM3/share/colcon-core/packages/ORB_SLAM3)
[14.636s] DEBUG:colcon.colcon_parallel_executor.executor.parallel:closing loop
[14.636s] DEBUG:colcon.colcon_parallel_executor.executor.parallel:loop closed
[14.636s] DEBUG:colcon.colcon_parallel_executor.executor.parallel:run_until_complete finished with '2'
[14.636s] DEBUG:colcon.colcon_core.event_reactor:joining thread
[14.642s] INFO:colcon.colcon_core.plugin_system:Skipping extension 'colcon_notification.desktop_notification.terminal_notifier': Not used on non-Darwin systems
[14.642s] INFO:colcon.colcon_core.plugin_system:Skipping extension 'colcon_notification.desktop_notification.win32': Not used on non-Windows systems
[14.642s] INFO:colcon.colcon_notification.desktop_notification:Sending desktop notification using 'notify2'
[14.656s] DEBUG:colcon.colcon_core.event_reactor:joined thread
[14.657s] INFO:colcon.colcon_core.shell:Creating prefix script '/home/bdonyanavard/repos/ORB_SLAM3/Examples/ROS/ORB_SLAM3/install/local_setup.ps1'
[14.658s] INFO:colcon.colcon_core.shell:Creating prefix util module '/home/bdonyanavard/repos/ORB_SLAM3/Examples/ROS/ORB_SLAM3/install/_local_setup_util_ps1.py'
[14.659s] INFO:colcon.colcon_core.shell:Creating prefix chain script '/home/bdonyanavard/repos/ORB_SLAM3/Examples/ROS/ORB_SLAM3/install/setup.ps1'
[14.662s] INFO:colcon.colcon_core.shell:Creating prefix script '/home/bdonyanavard/repos/ORB_SLAM3/Examples/ROS/ORB_SLAM3/install/local_setup.sh'
[14.662s] INFO:colcon.colcon_core.shell:Creating prefix util module '/home/bdonyanavard/repos/ORB_SLAM3/Examples/ROS/ORB_SLAM3/install/_local_setup_util_sh.py'
[14.662s] INFO:colcon.colcon_core.shell:Creating prefix chain script '/home/bdonyanavard/repos/ORB_SLAM3/Examples/ROS/ORB_SLAM3/install/setup.sh'
[14.664s] INFO:colcon.colcon_core.shell:Creating prefix script '/home/bdonyanavard/repos/ORB_SLAM3/Examples/ROS/ORB_SLAM3/install/local_setup.bash'
[14.664s] INFO:colcon.colcon_core.shell:Creating prefix chain script '/home/bdonyanavard/repos/ORB_SLAM3/Examples/ROS/ORB_SLAM3/install/setup.bash'
[14.665s] INFO:colcon.colcon_core.shell:Creating prefix script '/home/bdonyanavard/repos/ORB_SLAM3/Examples/ROS/ORB_SLAM3/install/local_setup.zsh'
[14.665s] INFO:colcon.colcon_core.shell:Creating prefix chain script '/home/bdonyanavard/repos/ORB_SLAM3/Examples/ROS/ORB_SLAM3/install/setup.zsh'
