[0.010s] Invoking command in '/home/bdonyanavard/repos/ORB_SLAM3/Examples/ROS/ORB_SLAM3/build/ORB_SLAM3': CMAKE_PREFIX_PATH=/opt/ros/foxy /usr/bin/cmake /home/bdonyanavard/repos/ORB_SLAM3/Examples/ROS/ORB_SLAM3 -DCMAKE_BUILD_TYPE=RelWithDebug -DCMAKE_INSTALL_PREFIX=/home/bdonyanavard/repos/ORB_SLAM3/Examples/ROS/ORB_SLAM3/install/ORB_SLAM3
[0.070s] -- The C compiler identification is GNU 9.4.0
[0.121s] -- The CXX compiler identification is GNU 9.4.0
[0.126s] -- Check for working C compiler: /usr/bin/cc
[0.196s] -- Check for working C compiler: /usr/bin/cc -- works
[0.198s] -- Detecting C compiler ABI info
[0.271s] -- Detecting C compiler ABI info - done
[0.284s] -- Detecting C compile features
[0.285s] -- Detecting C compile features - done
[0.286s] -- Check for working CXX compiler: /usr/bin/c++
[0.363s] -- Check for working CXX compiler: /usr/bin/c++ -- works
[0.364s] -- Detecting CXX compiler ABI info
[0.446s] -- Detecting CXX compiler ABI info - done
[0.461s] -- Detecting CXX compile features
[0.462s] -- Detecting CXX compile features - done
[0.463s] -- Found ament_cmake: 0.9.9 (/opt/ros/foxy/share/ament_cmake/cmake)
[0.482s] -- Found PythonInterp: /usr/bin/python3 (found suitable version "3.8.10", minimum required is "3") 
[0.482s] -- Using PYTHON_EXECUTABLE: /usr/bin/python3
[0.647s] -- Found rclcpp: 2.4.0 (/opt/ros/foxy/share/rclcpp/cmake)
[0.683s] -- Using all available rosidl_typesupport_c: rosidl_typesupport_fastrtps_c;rosidl_typesupport_introspection_c
[0.687s] -- Found rosidl_adapter: 1.2.1 (/opt/ros/foxy/share/rosidl_adapter/cmake)
[0.781s] -- Found OpenSSL: /usr/lib/x86_64-linux-gnu/libcrypto.so (found version "1.1.1f")  
[0.816s] -- Found FastRTPS: /opt/ros/foxy/include  
[0.890s] -- Using all available rosidl_typesupport_cpp: rosidl_typesupport_fastrtps_cpp;rosidl_typesupport_introspection_cpp
[0.931s] -- Found rmw_implementation_cmake: 1.0.3 (/opt/ros/foxy/share/rmw_implementation_cmake/cmake)
[0.932s] -- Using RMW implementation 'rmw_fastrtps_cpp' as default
[0.933s] -- Looking for pthread.h
[1.005s] -- Looking for pthread.h - found
[1.005s] -- Performing Test CMAKE_HAVE_LIBC_PTHREAD
[1.079s] -- Performing Test CMAKE_HAVE_LIBC_PTHREAD - Failed
[1.080s] -- Looking for pthread_create in pthreads
[1.149s] -- Looking for pthread_create in pthreads - not found
[1.149s] -- Looking for pthread_create in pthread
[1.224s] -- Looking for pthread_create in pthread - found
[1.225s] -- Found Threads: TRUE  
[1.345s] -- Found sensor_msgs: 2.0.4 (/opt/ros/foxy/share/sensor_msgs/cmake)
[1.437s] -- Found cv_bridge: 2.2.1 (/opt/ros/foxy/share/cv_bridge/cmake)
[1.460s] -- Found OpenCV: /home/shared/opencv-4.5.5/build (found suitable version "4.5.5", minimum required is "4.4") 
[1.474s] -- Found ament_lint_auto: 0.9.6 (/opt/ros/foxy/share/ament_lint_auto/cmake)
[1.509s] WARNING: Package name "ORB_SLAM3" does not follow the naming conventions. It should start with a lower case letter and only contain lower case letters, digits, underscores, and dashes.
[1.528s] -- Added test 'copyright' to check source files copyright and LICENSE
[1.530s] -- Added test 'cppcheck' to perform static code analysis on C / C++ code
[1.531s] -- Configured cppcheck include dirs: $<BUILD_INTERFACE:/home/bdonyanavard/repos/ORB_SLAM3/Examples/ROS/ORB_SLAM3/include>;/home/bdonyanavard/repos/ORB_SLAM3/Examples/ROS/ORB_SLAM3/../../../;/home/bdonyanavard/repos/ORB_SLAM3/Examples/ROS/ORB_SLAM3/../../../include;/home/bdonyanavard/repos/ORB_SLAM3/Examples/ROS/ORB_SLAM3/../../../include/CameraModels;/home/bdonyanavard/repos/ORB_SLAM3/Examples/ROS/ORB_SLAM3/../../../Thirdparty/Sophus
[1.531s] -- Configured cppcheck exclude dirs and/or files: 
[1.533s] -- Added test 'cpplint' to check C / C++ code against the Google style
[1.533s] -- Configured cpplint exclude dirs and/or files: 
[1.534s] -- Added test 'lint_cmake' to check CMake code style
[1.537s] -- Added test 'uncrustify' to check C / C++ code style
[1.537s] -- Configured uncrustify additional arguments: 
[1.538s] -- Added test 'xmllint' to check XML markup files
[1.540s] -- Configuring done
[1.544s] WARNING: Target "mono_inertial" requests linking to directory "/home/shared/opencv-4.5.5/build/lib".  Targets may link only to libraries.  CMake is dropping the item.
[1.549s] -- Generating done
[1.550s] -- Build files have been written to: /home/bdonyanavard/repos/ORB_SLAM3/Examples/ROS/ORB_SLAM3/build/ORB_SLAM3
[1.557s] Invoked command in '/home/bdonyanavard/repos/ORB_SLAM3/Examples/ROS/ORB_SLAM3/build/ORB_SLAM3' returned '0': CMAKE_PREFIX_PATH=/opt/ros/foxy /usr/bin/cmake /home/bdonyanavard/repos/ORB_SLAM3/Examples/ROS/ORB_SLAM3 -DCMAKE_BUILD_TYPE=RelWithDebug -DCMAKE_INSTALL_PREFIX=/home/bdonyanavard/repos/ORB_SLAM3/Examples/ROS/ORB_SLAM3/install/ORB_SLAM3
[1.561s] Invoking command in '/home/bdonyanavard/repos/ORB_SLAM3/Examples/ROS/ORB_SLAM3/build/ORB_SLAM3': CMAKE_PREFIX_PATH=/opt/ros/foxy /usr/bin/cmake --build /home/bdonyanavard/repos/ORB_SLAM3/Examples/ROS/ORB_SLAM3/build/ORB_SLAM3 -- -j64 -l64
[1.610s] [35m[1mScanning dependencies of target mono_inertial[0m
[1.712s] [ 50%] [32mBuilding CXX object CMakeFiles/mono_inertial.dir/src/mono_inertial.cpp.o[0m
[4.872s] In file included from [01m[K/home/bdonyanavard/repos/ORB_SLAM3/Examples/ROS/ORB_SLAM3/src/../../../../include/Frame.h:30[m[K,
[4.872s]                  from [01m[K/home/bdonyanavard/repos/ORB_SLAM3/Examples/ROS/ORB_SLAM3/src/../../../../include/KeyFrame.h:28[m[K,
[4.872s]                  from [01m[K/home/bdonyanavard/repos/ORB_SLAM3/Examples/ROS/ORB_SLAM3/src/../../../../include/MapPoint.h:23[m[K,
[4.872s]                  from [01m[K/home/bdonyanavard/repos/ORB_SLAM3/Examples/ROS/ORB_SLAM3/src/../../../../include/FrameDrawer.h:24[m[K,
[4.872s]                  from [01m[K/home/bdonyanavard/repos/ORB_SLAM3/Examples/ROS/ORB_SLAM3/src/../../../../include/Viewer.h:23[m[K,
[4.872s]                  from [01m[K/home/bdonyanavard/repos/ORB_SLAM3/Examples/ROS/ORB_SLAM3/src/../../../../include/Tracking.h:26[m[K,
[4.872s]                  from [01m[K/home/bdonyanavard/repos/ORB_SLAM3/Examples/ROS/ORB_SLAM3/src/../../../../include/System.h:31[m[K,
[4.872s]                  from [01m[K/home/bdonyanavard/repos/ORB_SLAM3/Examples/ROS/ORB_SLAM3/src/mono_inertial.cpp:35[m[K:
[4.872s] [01m[K/home/bdonyanavard/repos/ORB_SLAM3/Examples/ROS/ORB_SLAM3/src/../../../../include/ImuTypes.h:[m[K In member function ‘[01m[Kvoid ORB_SLAM3::IMU::Preintegrated::printMeasurements() const[m[K’:
[4.872s] [01m[K/home/bdonyanavard/repos/ORB_SLAM3/Examples/ROS/ORB_SLAM3/src/../../../../include/ImuTypes.h:204:23:[m[K [01;35m[Kwarning: [m[Kcomparison of integer expressions of different signedness: ‘[01m[Kint[m[K’ and ‘[01m[Kstd::vector<ORB_SLAM3::IMU::Preintegrated::integrable>::size_type[m[K’ {aka ‘[01m[Klong unsigned int[m[K’} [[01;35m[K-Wsign-compare[m[K]
[4.873s]   204 |         for(int i=0; [01;35m[Ki<mvMeasurements.size()[m[K; i++){
[4.873s]       |                      [01;35m[K~^~~~~~~~~~~~~~~~~~~~~~[m[K
[4.934s] In file included from [01m[K/home/bdonyanavard/repos/ORB_SLAM3/Examples/ROS/ORB_SLAM3/../../../Thirdparty/g2o/g2o/types/types_six_dof_expmap.h:37[m[K,
[4.934s]                  from [01m[K/home/bdonyanavard/repos/ORB_SLAM3/Examples/ROS/ORB_SLAM3/src/../../../../include/Converter.h:26[m[K,
[4.935s]                  from [01m[K/home/bdonyanavard/repos/ORB_SLAM3/Examples/ROS/ORB_SLAM3/src/../../../../include/Frame.h:33[m[K,
[4.935s]                  from [01m[K/home/bdonyanavard/repos/ORB_SLAM3/Examples/ROS/ORB_SLAM3/src/../../../../include/KeyFrame.h:28[m[K,
[4.935s]                  from [01m[K/home/bdonyanavard/repos/ORB_SLAM3/Examples/ROS/ORB_SLAM3/src/../../../../include/MapPoint.h:23[m[K,
[4.935s]                  from [01m[K/home/bdonyanavard/repos/ORB_SLAM3/Examples/ROS/ORB_SLAM3/src/../../../../include/FrameDrawer.h:24[m[K,
[4.935s]                  from [01m[K/home/bdonyanavard/repos/ORB_SLAM3/Examples/ROS/ORB_SLAM3/src/../../../../include/Viewer.h:23[m[K,
[4.935s]                  from [01m[K/home/bdonyanavard/repos/ORB_SLAM3/Examples/ROS/ORB_SLAM3/src/../../../../include/Tracking.h:26[m[K,
[4.935s]                  from [01m[K/home/bdonyanavard/repos/ORB_SLAM3/Examples/ROS/ORB_SLAM3/src/../../../../include/System.h:31[m[K,
[4.935s]                  from [01m[K/home/bdonyanavard/repos/ORB_SLAM3/Examples/ROS/ORB_SLAM3/src/mono_inertial.cpp:35[m[K:
[4.935s] [01m[K/home/bdonyanavard/repos/ORB_SLAM3/Examples/ROS/ORB_SLAM3/../../../Thirdparty/g2o/g2o/types/../core/base_vertex.h:[m[K At global scope:
[4.935s] [01m[K/home/bdonyanavard/repos/ORB_SLAM3/Examples/ROS/ORB_SLAM3/../../../Thirdparty/g2o/g2o/types/../core/base_vertex.h:62:74:[m[K [01;35m[Kwarning: [m[K‘[01m[KEigen::AlignedBit[m[K’ is deprecated [[01;35m[K-Wdeprecated-declarations[m[K]
[4.936s]    62 |     typedef Eigen::Map<Matrix<double, D, D>, Matrix<double,D,D>::Flags & [01;35m[KAlignedBit[m[K ? Aligned : Unaligned >  HessianBlockType;
[4.936s]       |                                                                          [01;35m[K^~~~~~~~~~[m[K
[4.936s] In file included from [01m[K/usr/include/eigen3/Eigen/Core:363[m[K,
[4.936s]                  from [01m[K/usr/include/eigen3/Eigen/LU:11[m[K,
[4.936s]                  from [01m[K/home/bdonyanavard/repos/ORB_SLAM3/Examples/ROS/ORB_SLAM3/../../../Thirdparty/Sophus/sophus/so2.hpp:12[m[K,
[4.936s]                  from [01m[K/home/bdonyanavard/repos/ORB_SLAM3/Examples/ROS/ORB_SLAM3/../../../Thirdparty/Sophus/sophus/se2.hpp:7[m[K,
[4.936s]                  from [01m[K/home/bdonyanavard/repos/ORB_SLAM3/Examples/ROS/ORB_SLAM3/../../../Thirdparty/Sophus/sophus/geometry.hpp:7[m[K,
[4.936s]                  from [01m[K/home/bdonyanavard/repos/ORB_SLAM3/Examples/ROS/ORB_SLAM3/src/../../../../include/Frame.h:28[m[K,
[4.936s]                  from [01m[K/home/bdonyanavard/repos/ORB_SLAM3/Examples/ROS/ORB_SLAM3/src/../../../../include/KeyFrame.h:28[m[K,
[4.936s]                  from [01m[K/home/bdonyanavard/repos/ORB_SLAM3/Examples/ROS/ORB_SLAM3/src/../../../../include/MapPoint.h:23[m[K,
[4.936s]                  from [01m[K/home/bdonyanavard/repos/ORB_SLAM3/Examples/ROS/ORB_SLAM3/src/../../../../include/FrameDrawer.h:24[m[K,
[4.937s]                  from [01m[K/home/bdonyanavard/repos/ORB_SLAM3/Examples/ROS/ORB_SLAM3/src/../../../../include/Viewer.h:23[m[K,
[4.937s]                  from [01m[K/home/bdonyanavard/repos/ORB_SLAM3/Examples/ROS/ORB_SLAM3/src/../../../../include/Tracking.h:26[m[K,
[4.937s]                  from [01m[K/home/bdonyanavard/repos/ORB_SLAM3/Examples/ROS/ORB_SLAM3/src/../../../../include/System.h:31[m[K,
[4.937s]                  from [01m[K/home/bdonyanavard/repos/ORB_SLAM3/Examples/ROS/ORB_SLAM3/src/mono_inertial.cpp:35[m[K:
[4.937s] [01m[K/usr/include/eigen3/Eigen/src/Core/util/Constants.h:162:37:[m[K [01;36m[Knote: [m[Kdeclared here
[4.937s]   162 | EIGEN_DEPRECATED const unsigned int [01;36m[KAlignedBit[m[K = 0x80;
[4.937s]       |                                     [01;36m[K^~~~~~~~~~[m[K
[4.951s] In file included from [01m[K/home/bdonyanavard/repos/ORB_SLAM3/Examples/ROS/ORB_SLAM3/../../../Thirdparty/g2o/g2o/types/types_six_dof_expmap.h:38[m[K,
[4.951s]                  from [01m[K/home/bdonyanavard/repos/ORB_SLAM3/Examples/ROS/ORB_SLAM3/src/../../../../include/Converter.h:26[m[K,
[4.951s]                  from [01m[K/home/bdonyanavard/repos/ORB_SLAM3/Examples/ROS/ORB_SLAM3/src/../../../../include/Frame.h:33[m[K,
[4.951s]                  from [01m[K/home/bdonyanavard/repos/ORB_SLAM3/Examples/ROS/ORB_SLAM3/src/../../../../include/KeyFrame.h:28[m[K,
[4.951s]                  from [01m[K/home/bdonyanavard/repos/ORB_SLAM3/Examples/ROS/ORB_SLAM3/src/../../../../include/MapPoint.h:23[m[K,
[4.951s]                  from [01m[K/home/bdonyanavard/repos/ORB_SLAM3/Examples/ROS/ORB_SLAM3/src/../../../../include/FrameDrawer.h:24[m[K,
[4.951s]                  from [01m[K/home/bdonyanavard/repos/ORB_SLAM3/Examples/ROS/ORB_SLAM3/src/../../../../include/Viewer.h:23[m[K,
[4.951s]                  from [01m[K/home/bdonyanavard/repos/ORB_SLAM3/Examples/ROS/ORB_SLAM3/src/../../../../include/Tracking.h:26[m[K,
[4.951s]                  from [01m[K/home/bdonyanavard/repos/ORB_SLAM3/Examples/ROS/ORB_SLAM3/src/../../../../include/System.h:31[m[K,
[4.952s]                  from [01m[K/home/bdonyanavard/repos/ORB_SLAM3/Examples/ROS/ORB_SLAM3/src/mono_inertial.cpp:35[m[K:
[4.952s] [01m[K/home/bdonyanavard/repos/ORB_SLAM3/Examples/ROS/ORB_SLAM3/../../../Thirdparty/g2o/g2o/types/../core/base_binary_edge.h:59:82:[m[K [01;35m[Kwarning: [m[K‘[01m[KEigen::AlignedBit[m[K’ is deprecated [[01;35m[K-Wdeprecated-declarations[m[K]
[4.952s]    59 |       typedef Eigen::Map<Matrix<double, Di, Dj>, Matrix<double, Di, Dj>::Flags & [01;35m[KAlignedBit[m[K ? Aligned : Unaligned > HessianBlockType;
[4.952s]       |                                                                                  [01;35m[K^~~~~~~~~~[m[K
[4.952s] In file included from [01m[K/usr/include/eigen3/Eigen/Core:363[m[K,
[4.952s]                  from [01m[K/usr/include/eigen3/Eigen/LU:11[m[K,
[4.952s]                  from [01m[K/home/bdonyanavard/repos/ORB_SLAM3/Examples/ROS/ORB_SLAM3/../../../Thirdparty/Sophus/sophus/so2.hpp:12[m[K,
[4.952s]                  from [01m[K/home/bdonyanavard/repos/ORB_SLAM3/Examples/ROS/ORB_SLAM3/../../../Thirdparty/Sophus/sophus/se2.hpp:7[m[K,
[4.952s]                  from [01m[K/home/bdonyanavard/repos/ORB_SLAM3/Examples/ROS/ORB_SLAM3/../../../Thirdparty/Sophus/sophus/geometry.hpp:7[m[K,
[4.952s]                  from [01m[K/home/bdonyanavard/repos/ORB_SLAM3/Examples/ROS/ORB_SLAM3/src/../../../../include/Frame.h:28[m[K,
[4.952s]                  from [01m[K/home/bdonyanavard/repos/ORB_SLAM3/Examples/ROS/ORB_SLAM3/src/../../../../include/KeyFrame.h:28[m[K,
[4.952s]                  from [01m[K/home/bdonyanavard/repos/ORB_SLAM3/Examples/ROS/ORB_SLAM3/src/../../../../include/MapPoint.h:23[m[K,
[4.953s]                  from [01m[K/home/bdonyanavard/repos/ORB_SLAM3/Examples/ROS/ORB_SLAM3/src/../../../../include/FrameDrawer.h:24[m[K,
[4.953s]                  from [01m[K/home/bdonyanavard/repos/ORB_SLAM3/Examples/ROS/ORB_SLAM3/src/../../../../include/Viewer.h:23[m[K,
[4.953s]                  from [01m[K/home/bdonyanavard/repos/ORB_SLAM3/Examples/ROS/ORB_SLAM3/src/../../../../include/Tracking.h:26[m[K,
[4.953s]                  from [01m[K/home/bdonyanavard/repos/ORB_SLAM3/Examples/ROS/ORB_SLAM3/src/../../../../include/System.h:31[m[K,
[4.953s]                  from [01m[K/home/bdonyanavard/repos/ORB_SLAM3/Examples/ROS/ORB_SLAM3/src/mono_inertial.cpp:35[m[K:
[4.953s] [01m[K/usr/include/eigen3/Eigen/src/Core/util/Constants.h:162:37:[m[K [01;36m[Knote: [m[Kdeclared here
[4.953s]   162 | EIGEN_DEPRECATED const unsigned int [01;36m[KAlignedBit[m[K = 0x80;
[4.953s]       |                                     [01;36m[K^~~~~~~~~~[m[K
[4.953s] In file included from [01m[K/home/bdonyanavard/repos/ORB_SLAM3/Examples/ROS/ORB_SLAM3/../../../Thirdparty/g2o/g2o/types/types_six_dof_expmap.h:38[m[K,
[4.953s]                  from [01m[K/home/bdonyanavard/repos/ORB_SLAM3/Examples/ROS/ORB_SLAM3/src/../../../../include/Converter.h:26[m[K,
[4.953s]                  from [01m[K/home/bdonyanavard/repos/ORB_SLAM3/Examples/ROS/ORB_SLAM3/src/../../../../include/Frame.h:33[m[K,
[4.953s]                  from [01m[K/home/bdonyanavard/repos/ORB_SLAM3/Examples/ROS/ORB_SLAM3/src/../../../../include/KeyFrame.h:28[m[K,
[4.954s]                  from [01m[K/home/bdonyanavard/repos/ORB_SLAM3/Examples/ROS/ORB_SLAM3/src/../../../../include/MapPoint.h:23[m[K,
[4.954s]                  from [01m[K/home/bdonyanavard/repos/ORB_SLAM3/Examples/ROS/ORB_SLAM3/src/../../../../include/FrameDrawer.h:24[m[K,
[4.954s]                  from [01m[K/home/bdonyanavard/repos/ORB_SLAM3/Examples/ROS/ORB_SLAM3/src/../../../../include/Viewer.h:23[m[K,
[4.954s]                  from [01m[K/home/bdonyanavard/repos/ORB_SLAM3/Examples/ROS/ORB_SLAM3/src/../../../../include/Tracking.h:26[m[K,
[4.954s]                  from [01m[K/home/bdonyanavard/repos/ORB_SLAM3/Examples/ROS/ORB_SLAM3/src/../../../../include/System.h:31[m[K,
[4.954s]                  from [01m[K/home/bdonyanavard/repos/ORB_SLAM3/Examples/ROS/ORB_SLAM3/src/mono_inertial.cpp:35[m[K:
[4.954s] [01m[K/home/bdonyanavard/repos/ORB_SLAM3/Examples/ROS/ORB_SLAM3/../../../Thirdparty/g2o/g2o/types/../core/base_binary_edge.h:60:82:[m[K [01;35m[Kwarning: [m[K‘[01m[KEigen::AlignedBit[m[K’ is deprecated [[01;35m[K-Wdeprecated-declarations[m[K]
[4.954s]    60 |       typedef Eigen::Map<Matrix<double, Dj, Di>, Matrix<double, Dj, Di>::Flags & [01;35m[KAlignedBit[m[K ? Aligned : Unaligned > HessianBlockTransposedType;
[4.954s]       |                                                                                  [01;35m[K^~~~~~~~~~[m[K
[4.954s] In file included from [01m[K/usr/include/eigen3/Eigen/Core:363[m[K,
[4.954s]                  from [01m[K/usr/include/eigen3/Eigen/LU:11[m[K,
[4.954s]                  from [01m[K/home/bdonyanavard/repos/ORB_SLAM3/Examples/ROS/ORB_SLAM3/../../../Thirdparty/Sophus/sophus/so2.hpp:12[m[K,
[4.955s]                  from [01m[K/home/bdonyanavard/repos/ORB_SLAM3/Examples/ROS/ORB_SLAM3/../../../Thirdparty/Sophus/sophus/se2.hpp:7[m[K,
[4.955s]                  from [01m[K/home/bdonyanavard/repos/ORB_SLAM3/Examples/ROS/ORB_SLAM3/../../../Thirdparty/Sophus/sophus/geometry.hpp:7[m[K,
[4.955s]                  from [01m[K/home/bdonyanavard/repos/ORB_SLAM3/Examples/ROS/ORB_SLAM3/src/../../../../include/Frame.h:28[m[K,
[4.955s]                  from [01m[K/home/bdonyanavard/repos/ORB_SLAM3/Examples/ROS/ORB_SLAM3/src/../../../../include/KeyFrame.h:28[m[K,
[4.955s]                  from [01m[K/home/bdonyanavard/repos/ORB_SLAM3/Examples/ROS/ORB_SLAM3/src/../../../../include/MapPoint.h:23[m[K,
[4.955s]                  from [01m[K/home/bdonyanavard/repos/ORB_SLAM3/Examples/ROS/ORB_SLAM3/src/../../../../include/FrameDrawer.h:24[m[K,
[4.955s]                  from [01m[K/home/bdonyanavard/repos/ORB_SLAM3/Examples/ROS/ORB_SLAM3/src/../../../../include/Viewer.h:23[m[K,
[4.955s]                  from [01m[K/home/bdonyanavard/repos/ORB_SLAM3/Examples/ROS/ORB_SLAM3/src/../../../../include/Tracking.h:26[m[K,
[4.955s]                  from [01m[K/home/bdonyanavard/repos/ORB_SLAM3/Examples/ROS/ORB_SLAM3/src/../../../../include/System.h:31[m[K,
[4.955s]                  from [01m[K/home/bdonyanavard/repos/ORB_SLAM3/Examples/ROS/ORB_SLAM3/src/mono_inertial.cpp:35[m[K:
[4.955s] [01m[K/usr/include/eigen3/Eigen/src/Core/util/Constants.h:162:37:[m[K [01;36m[Knote: [m[Kdeclared here
[4.955s]   162 | EIGEN_DEPRECATED const unsigned int [01;36m[KAlignedBit[m[K = 0x80;
[4.956s]       |                                     [01;36m[K^~~~~~~~~~[m[K
[4.982s] In file included from [01m[K/home/bdonyanavard/repos/ORB_SLAM3/Examples/ROS/ORB_SLAM3/../../../Thirdparty/g2o/g2o/types/types_six_dof_expmap.h:41[m[K,
[4.982s]                  from [01m[K/home/bdonyanavard/repos/ORB_SLAM3/Examples/ROS/ORB_SLAM3/src/../../../../include/Converter.h:26[m[K,
[4.982s]                  from [01m[K/home/bdonyanavard/repos/ORB_SLAM3/Examples/ROS/ORB_SLAM3/src/../../../../include/Frame.h:33[m[K,
[4.982s]                  from [01m[K/home/bdonyanavard/repos/ORB_SLAM3/Examples/ROS/ORB_SLAM3/src/../../../../include/KeyFrame.h:28[m[K,
[4.982s]                  from [01m[K/home/bdonyanavard/repos/ORB_SLAM3/Examples/ROS/ORB_SLAM3/src/../../../../include/MapPoint.h:23[m[K,
[4.982s]                  from [01m[K/home/bdonyanavard/repos/ORB_SLAM3/Examples/ROS/ORB_SLAM3/src/../../../../include/FrameDrawer.h:24[m[K,
[4.983s]                  from [01m[K/home/bdonyanavard/repos/ORB_SLAM3/Examples/ROS/ORB_SLAM3/src/../../../../include/Viewer.h:23[m[K,
[4.983s]                  from [01m[K/home/bdonyanavard/repos/ORB_SLAM3/Examples/ROS/ORB_SLAM3/src/../../../../include/Tracking.h:26[m[K,
[4.983s]                  from [01m[K/home/bdonyanavard/repos/ORB_SLAM3/Examples/ROS/ORB_SLAM3/src/../../../../include/System.h:31[m[K,
[4.983s]                  from [01m[K/home/bdonyanavard/repos/ORB_SLAM3/Examples/ROS/ORB_SLAM3/src/mono_inertial.cpp:35[m[K:
[4.983s] [01m[K/home/bdonyanavard/repos/ORB_SLAM3/Examples/ROS/ORB_SLAM3/../../../Thirdparty/g2o/g2o/types/se3quat.h:43:38:[m[K [01;35m[Kwarning: [m[Kextra ‘[01m[K;[m[K’ [[01;35m[K-Wpedantic[m[K]
[4.983s]    43 |       EIGEN_MAKE_ALIGNED_OPERATOR_NEW[01;35m[K;[m[K
[4.983s]       |                                      [01;35m[K^[m[K
[4.983s]       |                                      [31m[K-[m[K
[5.180s] In file included from [01m[K/home/bdonyanavard/repos/ORB_SLAM3/Examples/ROS/ORB_SLAM3/../../../Thirdparty/g2o/g2o/types/types_six_dof_expmap.h:37[m[K,
[5.181s]                  from [01m[K/home/bdonyanavard/repos/ORB_SLAM3/Examples/ROS/ORB_SLAM3/src/../../../../include/Converter.h:26[m[K,
[5.181s]                  from [01m[K/home/bdonyanavard/repos/ORB_SLAM3/Examples/ROS/ORB_SLAM3/src/../../../../include/Frame.h:33[m[K,
[5.181s]                  from [01m[K/home/bdonyanavard/repos/ORB_SLAM3/Examples/ROS/ORB_SLAM3/src/../../../../include/KeyFrame.h:28[m[K,
[5.181s]                  from [01m[K/home/bdonyanavard/repos/ORB_SLAM3/Examples/ROS/ORB_SLAM3/src/../../../../include/MapPoint.h:23[m[K,
[5.181s]                  from [01m[K/home/bdonyanavard/repos/ORB_SLAM3/Examples/ROS/ORB_SLAM3/src/../../../../include/FrameDrawer.h:24[m[K,
[5.181s]                  from [01m[K/home/bdonyanavard/repos/ORB_SLAM3/Examples/ROS/ORB_SLAM3/src/../../../../include/Viewer.h:23[m[K,
[5.181s]                  from [01m[K/home/bdonyanavard/repos/ORB_SLAM3/Examples/ROS/ORB_SLAM3/src/../../../../include/Tracking.h:26[m[K,
[5.181s]                  from [01m[K/home/bdonyanavard/repos/ORB_SLAM3/Examples/ROS/ORB_SLAM3/src/../../../../include/System.h:31[m[K,
[5.181s]                  from [01m[K/home/bdonyanavard/repos/ORB_SLAM3/Examples/ROS/ORB_SLAM3/src/mono_inertial.cpp:35[m[K:
[5.181s] /home/bdonyanavard/repos/ORB_SLAM3/Examples/ROS/ORB_SLAM3/../../../Thirdparty/g2o/g2o/types/../core/base_vertex.h: In instantiation of ‘[01m[Kclass g2o::BaseVertex<3, Eigen::Matrix<double, 3, 1> >[m[K’:
[5.181s] [01m[K/home/bdonyanavard/repos/ORB_SLAM3/Examples/ROS/ORB_SLAM3/../../../Thirdparty/g2o/g2o/types/types_sba.h:40:35:[m[K   required from here
[5.182s] [01m[K/home/bdonyanavard/repos/ORB_SLAM3/Examples/ROS/ORB_SLAM3/../../../Thirdparty/g2o/g2o/types/../core/base_vertex.h:62:72:[m[K [01;35m[Kwarning: [m[K‘[01m[KEigen::AlignedBit[m[K’ is deprecated [[01;35m[K-Wdeprecated-declarations[m[K]
[5.182s]    62 |     typedef Eigen::Map<Matrix<double, D, D>, Matrix<double,D,D>::[01;35m[KFlags & AlignedBit[m[K ? Aligned : Unaligned >  HessianBlockType;
[5.182s]       |                                                                  [01;35m[K~~~~~~^~~~~~~~~~~~[m[K
[5.182s] In file included from [01m[K/usr/include/eigen3/Eigen/Core:363[m[K,
[5.182s]                  from [01m[K/usr/include/eigen3/Eigen/LU:11[m[K,
[5.182s]                  from [01m[K/home/bdonyanavard/repos/ORB_SLAM3/Examples/ROS/ORB_SLAM3/../../../Thirdparty/Sophus/sophus/so2.hpp:12[m[K,
[5.182s]                  from [01m[K/home/bdonyanavard/repos/ORB_SLAM3/Examples/ROS/ORB_SLAM3/../../../Thirdparty/Sophus/sophus/se2.hpp:7[m[K,
[5.182s]                  from [01m[K/home/bdonyanavard/repos/ORB_SLAM3/Examples/ROS/ORB_SLAM3/../../../Thirdparty/Sophus/sophus/geometry.hpp:7[m[K,
[5.182s]                  from [01m[K/home/bdonyanavard/repos/ORB_SLAM3/Examples/ROS/ORB_SLAM3/src/../../../../include/Frame.h:28[m[K,
[5.182s]                  from [01m[K/home/bdonyanavard/repos/ORB_SLAM3/Examples/ROS/ORB_SLAM3/src/../../../../include/KeyFrame.h:28[m[K,
[5.183s]                  from [01m[K/home/bdonyanavard/repos/ORB_SLAM3/Examples/ROS/ORB_SLAM3/src/../../../../include/MapPoint.h:23[m[K,
[5.183s]                  from [01m[K/home/bdonyanavard/repos/ORB_SLAM3/Examples/ROS/ORB_SLAM3/src/../../../../include/FrameDrawer.h:24[m[K,
[5.183s]                  from [01m[K/home/bdonyanavard/repos/ORB_SLAM3/Examples/ROS/ORB_SLAM3/src/../../../../include/Viewer.h:23[m[K,
[5.183s]                  from [01m[K/home/bdonyanavard/repos/ORB_SLAM3/Examples/ROS/ORB_SLAM3/src/../../../../include/Tracking.h:26[m[K,
[5.183s]                  from [01m[K/home/bdonyanavard/repos/ORB_SLAM3/Examples/ROS/ORB_SLAM3/src/../../../../include/System.h:31[m[K,
[5.183s]                  from [01m[K/home/bdonyanavard/repos/ORB_SLAM3/Examples/ROS/ORB_SLAM3/src/mono_inertial.cpp:35[m[K:
[5.183s] [01m[K/usr/include/eigen3/Eigen/src/Core/util/Constants.h:162:37:[m[K [01;36m[Knote: [m[Kdeclared here
[5.183s]   162 | EIGEN_DEPRECATED const unsigned int [01;36m[KAlignedBit[m[K = 0x80;
[5.183s]       |                                     [01;36m[K^~~~~~~~~~[m[K
[5.199s] In file included from [01m[K/home/bdonyanavard/repos/ORB_SLAM3/Examples/ROS/ORB_SLAM3/../../../Thirdparty/g2o/g2o/types/types_six_dof_expmap.h:37[m[K,
[5.199s]                  from [01m[K/home/bdonyanavard/repos/ORB_SLAM3/Examples/ROS/ORB_SLAM3/src/../../../../include/Converter.h:26[m[K,
[5.199s]                  from [01m[K/home/bdonyanavard/repos/ORB_SLAM3/Examples/ROS/ORB_SLAM3/src/../../../../include/Frame.h:33[m[K,
[5.200s]                  from [01m[K/home/bdonyanavard/repos/ORB_SLAM3/Examples/ROS/ORB_SLAM3/src/../../../../include/KeyFrame.h:28[m[K,
[5.200s]                  from [01m[K/home/bdonyanavard/repos/ORB_SLAM3/Examples/ROS/ORB_SLAM3/src/../../../../include/MapPoint.h:23[m[K,
[5.200s]                  from [01m[K/home/bdonyanavard/repos/ORB_SLAM3/Examples/ROS/ORB_SLAM3/src/../../../../include/FrameDrawer.h:24[m[K,
[5.200s]                  from [01m[K/home/bdonyanavard/repos/ORB_SLAM3/Examples/ROS/ORB_SLAM3/src/../../../../include/Viewer.h:23[m[K,
[5.200s]                  from [01m[K/home/bdonyanavard/repos/ORB_SLAM3/Examples/ROS/ORB_SLAM3/src/../../../../include/Tracking.h:26[m[K,
[5.200s]                  from [01m[K/home/bdonyanavard/repos/ORB_SLAM3/Examples/ROS/ORB_SLAM3/src/../../../../include/System.h:31[m[K,
[5.200s]                  from [01m[K/home/bdonyanavard/repos/ORB_SLAM3/Examples/ROS/ORB_SLAM3/src/mono_inertial.cpp:35[m[K:
[5.200s] /home/bdonyanavard/repos/ORB_SLAM3/Examples/ROS/ORB_SLAM3/../../../Thirdparty/g2o/g2o/types/../core/base_vertex.h: In instantiation of ‘[01m[Kclass g2o::BaseVertex<6, g2o::SE3Quat>[m[K’:
[5.200s] [01m[K/home/bdonyanavard/repos/ORB_SLAM3/Examples/ROS/ORB_SLAM3/../../../Thirdparty/g2o/g2o/types/types_six_dof_expmap.h:59:33:[m[K   required from here
[5.200s] [01m[K/home/bdonyanavard/repos/ORB_SLAM3/Examples/ROS/ORB_SLAM3/../../../Thirdparty/g2o/g2o/types/../core/base_vertex.h:62:72:[m[K [01;35m[Kwarning: [m[K‘[01m[KEigen::AlignedBit[m[K’ is deprecated [[01;35m[K-Wdeprecated-declarations[m[K]
[5.200s]    62 |     typedef Eigen::Map<Matrix<double, D, D>, Matrix<double,D,D>::[01;35m[KFlags & AlignedBit[m[K ? Aligned : Unaligned >  HessianBlockType;
[5.200s]       |                                                                  [01;35m[K~~~~~~^~~~~~~~~~~~[m[K
[5.201s] In file included from [01m[K/usr/include/eigen3/Eigen/Core:363[m[K,
[5.201s]                  from [01m[K/usr/include/eigen3/Eigen/LU:11[m[K,
[5.201s]                  from [01m[K/home/bdonyanavard/repos/ORB_SLAM3/Examples/ROS/ORB_SLAM3/../../../Thirdparty/Sophus/sophus/so2.hpp:12[m[K,
[5.201s]                  from [01m[K/home/bdonyanavard/repos/ORB_SLAM3/Examples/ROS/ORB_SLAM3/../../../Thirdparty/Sophus/sophus/se2.hpp:7[m[K,
[5.201s]                  from [01m[K/home/bdonyanavard/repos/ORB_SLAM3/Examples/ROS/ORB_SLAM3/../../../Thirdparty/Sophus/sophus/geometry.hpp:7[m[K,
[5.201s]                  from [01m[K/home/bdonyanavard/repos/ORB_SLAM3/Examples/ROS/ORB_SLAM3/src/../../../../include/Frame.h:28[m[K,
[5.201s]                  from [01m[K/home/bdonyanavard/repos/ORB_SLAM3/Examples/ROS/ORB_SLAM3/src/../../../../include/KeyFrame.h:28[m[K,
[5.201s]                  from [01m[K/home/bdonyanavard/repos/ORB_SLAM3/Examples/ROS/ORB_SLAM3/src/../../../../include/MapPoint.h:23[m[K,
[5.201s]                  from [01m[K/home/bdonyanavard/repos/ORB_SLAM3/Examples/ROS/ORB_SLAM3/src/../../../../include/FrameDrawer.h:24[m[K,
[5.201s]                  from [01m[K/home/bdonyanavard/repos/ORB_SLAM3/Examples/ROS/ORB_SLAM3/src/../../../../include/Viewer.h:23[m[K,
[5.201s]                  from [01m[K/home/bdonyanavard/repos/ORB_SLAM3/Examples/ROS/ORB_SLAM3/src/../../../../include/Tracking.h:26[m[K,
[5.201s]                  from [01m[K/home/bdonyanavard/repos/ORB_SLAM3/Examples/ROS/ORB_SLAM3/src/../../../../include/System.h:31[m[K,
[5.202s]                  from [01m[K/home/bdonyanavard/repos/ORB_SLAM3/Examples/ROS/ORB_SLAM3/src/mono_inertial.cpp:35[m[K:
[5.202s] [01m[K/usr/include/eigen3/Eigen/src/Core/util/Constants.h:162:37:[m[K [01;36m[Knote: [m[Kdeclared here
[5.202s]   162 | EIGEN_DEPRECATED const unsigned int [01;36m[KAlignedBit[m[K = 0x80;
[5.202s]       |                                     [01;36m[K^~~~~~~~~~[m[K
[5.218s] In file included from [01m[K/home/bdonyanavard/repos/ORB_SLAM3/Examples/ROS/ORB_SLAM3/../../../Thirdparty/g2o/g2o/types/types_six_dof_expmap.h:38[m[K,
[5.218s]                  from [01m[K/home/bdonyanavard/repos/ORB_SLAM3/Examples/ROS/ORB_SLAM3/src/../../../../include/Converter.h:26[m[K,
[5.218s]                  from [01m[K/home/bdonyanavard/repos/ORB_SLAM3/Examples/ROS/ORB_SLAM3/src/../../../../include/Frame.h:33[m[K,
[5.219s]                  from [01m[K/home/bdonyanavard/repos/ORB_SLAM3/Examples/ROS/ORB_SLAM3/src/../../../../include/KeyFrame.h:28[m[K,
[5.219s]                  from [01m[K/home/bdonyanavard/repos/ORB_SLAM3/Examples/ROS/ORB_SLAM3/src/../../../../include/MapPoint.h:23[m[K,
[5.219s]                  from [01m[K/home/bdonyanavard/repos/ORB_SLAM3/Examples/ROS/ORB_SLAM3/src/../../../../include/FrameDrawer.h:24[m[K,
[5.219s]                  from [01m[K/home/bdonyanavard/repos/ORB_SLAM3/Examples/ROS/ORB_SLAM3/src/../../../../include/Viewer.h:23[m[K,
[5.219s]                  from [01m[K/home/bdonyanavard/repos/ORB_SLAM3/Examples/ROS/ORB_SLAM3/src/../../../../include/Tracking.h:26[m[K,
[5.219s]                  from [01m[K/home/bdonyanavard/repos/ORB_SLAM3/Examples/ROS/ORB_SLAM3/src/../../../../include/System.h:31[m[K,
[5.219s]                  from [01m[K/home/bdonyanavard/repos/ORB_SLAM3/Examples/ROS/ORB_SLAM3/src/mono_inertial.cpp:35[m[K:
[5.219s] /home/bdonyanavard/repos/ORB_SLAM3/Examples/ROS/ORB_SLAM3/../../../Thirdparty/g2o/g2o/types/../core/base_binary_edge.h: In instantiation of ‘[01m[Kclass g2o::BaseBinaryEdge<6, g2o::SE3Quat, g2o::VertexSE3Expmap, g2o::VertexSE3Expmap>[m[K’:
[5.219s] [01m[K/home/bdonyanavard/repos/ORB_SLAM3/Examples/ROS/ORB_SLAM3/../../../Thirdparty/g2o/g2o/types/types_six_dof_expmap.h:83:24:[m[K   required from here
[5.219s] [01m[K/home/bdonyanavard/repos/ORB_SLAM3/Examples/ROS/ORB_SLAM3/../../../Thirdparty/g2o/g2o/types/../core/base_binary_edge.h:59:80:[m[K [01;35m[Kwarning: [m[K‘[01m[KEigen::AlignedBit[m[K’ is deprecated [[01;35m[K-Wdeprecated-declarations[m[K]
[5.220s]    59 |       typedef Eigen::Map<Matrix<double, Di, Dj>, Matrix<double, Di, Dj>::[01;35m[KFlags & AlignedBit[m[K ? Aligned : Unaligned > HessianBlockType;
[5.220s]       |                                                                          [01;35m[K~~~~~~^~~~~~~~~~~~[m[K
[5.220s] In file included from [01m[K/usr/include/eigen3/Eigen/Core:363[m[K,
[5.220s]                  from [01m[K/usr/include/eigen3/Eigen/LU:11[m[K,
[5.220s]                  from [01m[K/home/bdonyanavard/repos/ORB_SLAM3/Examples/ROS/ORB_SLAM3/../../../Thirdparty/Sophus/sophus/so2.hpp:12[m[K,
[5.220s]                  from [01m[K/home/bdonyanavard/repos/ORB_SLAM3/Examples/ROS/ORB_SLAM3/../../../Thirdparty/Sophus/sophus/se2.hpp:7[m[K,
[5.220s]                  from [01m[K/home/bdonyanavard/repos/ORB_SLAM3/Examples/ROS/ORB_SLAM3/../../../Thirdparty/Sophus/sophus/geometry.hpp:7[m[K,
[5.220s]                  from [01m[K/home/bdonyanavard/repos/ORB_SLAM3/Examples/ROS/ORB_SLAM3/src/../../../../include/Frame.h:28[m[K,
[5.220s]                  from [01m[K/home/bdonyanavard/repos/ORB_SLAM3/Examples/ROS/ORB_SLAM3/src/../../../../include/KeyFrame.h:28[m[K,
[5.220s]                  from [01m[K/home/bdonyanavard/repos/ORB_SLAM3/Examples/ROS/ORB_SLAM3/src/../../../../include/MapPoint.h:23[m[K,
[5.220s]                  from [01m[K/home/bdonyanavard/repos/ORB_SLAM3/Examples/ROS/ORB_SLAM3/src/../../../../include/FrameDrawer.h:24[m[K,
[5.220s]                  from [01m[K/home/bdonyanavard/repos/ORB_SLAM3/Examples/ROS/ORB_SLAM3/src/../../../../include/Viewer.h:23[m[K,
[5.221s]                  from [01m[K/home/bdonyanavard/repos/ORB_SLAM3/Examples/ROS/ORB_SLAM3/src/../../../../include/Tracking.h:26[m[K,
[5.221s]                  from [01m[K/home/bdonyanavard/repos/ORB_SLAM3/Examples/ROS/ORB_SLAM3/src/../../../../include/System.h:31[m[K,
[5.221s]                  from [01m[K/home/bdonyanavard/repos/ORB_SLAM3/Examples/ROS/ORB_SLAM3/src/mono_inertial.cpp:35[m[K:
[5.221s] [01m[K/usr/include/eigen3/Eigen/src/Core/util/Constants.h:162:37:[m[K [01;36m[Knote: [m[Kdeclared here
[5.221s]   162 | EIGEN_DEPRECATED const unsigned int [01;36m[KAlignedBit[m[K = 0x80;
[5.221s]       |                                     [01;36m[K^~~~~~~~~~[m[K
[5.221s] In file included from [01m[K/home/bdonyanavard/repos/ORB_SLAM3/Examples/ROS/ORB_SLAM3/../../../Thirdparty/g2o/g2o/types/types_six_dof_expmap.h:38[m[K,
[5.221s]                  from [01m[K/home/bdonyanavard/repos/ORB_SLAM3/Examples/ROS/ORB_SLAM3/src/../../../../include/Converter.h:26[m[K,
[5.221s]                  from [01m[K/home/bdonyanavard/repos/ORB_SLAM3/Examples/ROS/ORB_SLAM3/src/../../../../include/Frame.h:33[m[K,
[5.221s]                  from [01m[K/home/bdonyanavard/repos/ORB_SLAM3/Examples/ROS/ORB_SLAM3/src/../../../../include/KeyFrame.h:28[m[K,
[5.221s]                  from [01m[K/home/bdonyanavard/repos/ORB_SLAM3/Examples/ROS/ORB_SLAM3/src/../../../../include/MapPoint.h:23[m[K,
[5.222s]                  from [01m[K/home/bdonyanavard/repos/ORB_SLAM3/Examples/ROS/ORB_SLAM3/src/../../../../include/FrameDrawer.h:24[m[K,
[5.222s]                  from [01m[K/home/bdonyanavard/repos/ORB_SLAM3/Examples/ROS/ORB_SLAM3/src/../../../../include/Viewer.h:23[m[K,
[5.222s]                  from [01m[K/home/bdonyanavard/repos/ORB_SLAM3/Examples/ROS/ORB_SLAM3/src/../../../../include/Tracking.h:26[m[K,
[5.222s]                  from [01m[K/home/bdonyanavard/repos/ORB_SLAM3/Examples/ROS/ORB_SLAM3/src/../../../../include/System.h:31[m[K,
[5.222s]                  from [01m[K/home/bdonyanavard/repos/ORB_SLAM3/Examples/ROS/ORB_SLAM3/src/mono_inertial.cpp:35[m[K:
[5.222s] [01m[K/home/bdonyanavard/repos/ORB_SLAM3/Examples/ROS/ORB_SLAM3/../../../Thirdparty/g2o/g2o/types/../core/base_binary_edge.h:60:80:[m[K [01;35m[Kwarning: [m[K‘[01m[KEigen::AlignedBit[m[K’ is deprecated [[01;35m[K-Wdeprecated-declarations[m[K]
[5.222s]    60 |       typedef Eigen::Map<Matrix<double, Dj, Di>, Matrix<double, Dj, Di>::[01;35m[KFlags & AlignedBit[m[K ? Aligned : Unaligned > HessianBlockTransposedType;
[5.222s]       |                                                                          [01;35m[K~~~~~~^~~~~~~~~~~~[m[K
[5.222s] In file included from [01m[K/usr/include/eigen3/Eigen/Core:363[m[K,
[5.222s]                  from [01m[K/usr/include/eigen3/Eigen/LU:11[m[K,
[5.222s]                  from [01m[K/home/bdonyanavard/repos/ORB_SLAM3/Examples/ROS/ORB_SLAM3/../../../Thirdparty/Sophus/sophus/so2.hpp:12[m[K,
[5.223s]                  from [01m[K/home/bdonyanavard/repos/ORB_SLAM3/Examples/ROS/ORB_SLAM3/../../../Thirdparty/Sophus/sophus/se2.hpp:7[m[K,
[5.223s]                  from [01m[K/home/bdonyanavard/repos/ORB_SLAM3/Examples/ROS/ORB_SLAM3/../../../Thirdparty/Sophus/sophus/geometry.hpp:7[m[K,
[5.223s]                  from [01m[K/home/bdonyanavard/repos/ORB_SLAM3/Examples/ROS/ORB_SLAM3/src/../../../../include/Frame.h:28[m[K,
[5.223s]                  from [01m[K/home/bdonyanavard/repos/ORB_SLAM3/Examples/ROS/ORB_SLAM3/src/../../../../include/KeyFrame.h:28[m[K,
[5.223s]                  from [01m[K/home/bdonyanavard/repos/ORB_SLAM3/Examples/ROS/ORB_SLAM3/src/../../../../include/MapPoint.h:23[m[K,
[5.223s]                  from [01m[K/home/bdonyanavard/repos/ORB_SLAM3/Examples/ROS/ORB_SLAM3/src/../../../../include/FrameDrawer.h:24[m[K,
[5.223s]                  from [01m[K/home/bdonyanavard/repos/ORB_SLAM3/Examples/ROS/ORB_SLAM3/src/../../../../include/Viewer.h:23[m[K,
[5.223s]                  from [01m[K/home/bdonyanavard/repos/ORB_SLAM3/Examples/ROS/ORB_SLAM3/src/../../../../include/Tracking.h:26[m[K,
[5.223s]                  from [01m[K/home/bdonyanavard/repos/ORB_SLAM3/Examples/ROS/ORB_SLAM3/src/../../../../include/System.h:31[m[K,
[5.223s]                  from [01m[K/home/bdonyanavard/repos/ORB_SLAM3/Examples/ROS/ORB_SLAM3/src/mono_inertial.cpp:35[m[K:
[5.223s] [01m[K/usr/include/eigen3/Eigen/src/Core/util/Constants.h:162:37:[m[K [01;36m[Knote: [m[Kdeclared here
[5.224s]   162 | EIGEN_DEPRECATED const unsigned int [01;36m[KAlignedBit[m[K = 0x80;
[5.224s]       |                                     [01;36m[K^~~~~~~~~~[m[K
[5.263s] In file included from [01m[K/home/bdonyanavard/repos/ORB_SLAM3/Examples/ROS/ORB_SLAM3/../../../Thirdparty/g2o/g2o/types/types_six_dof_expmap.h:38[m[K,
[5.263s]                  from [01m[K/home/bdonyanavard/repos/ORB_SLAM3/Examples/ROS/ORB_SLAM3/src/../../../../include/Converter.h:26[m[K,
[5.263s]                  from [01m[K/home/bdonyanavard/repos/ORB_SLAM3/Examples/ROS/ORB_SLAM3/src/../../../../include/Frame.h:33[m[K,
[5.263s]                  from [01m[K/home/bdonyanavard/repos/ORB_SLAM3/Examples/ROS/ORB_SLAM3/src/../../../../include/KeyFrame.h:28[m[K,
[5.263s]                  from [01m[K/home/bdonyanavard/repos/ORB_SLAM3/Examples/ROS/ORB_SLAM3/src/../../../../include/MapPoint.h:23[m[K,
[5.263s]                  from [01m[K/home/bdonyanavard/repos/ORB_SLAM3/Examples/ROS/ORB_SLAM3/src/../../../../include/FrameDrawer.h:24[m[K,
[5.263s]                  from [01m[K/home/bdonyanavard/repos/ORB_SLAM3/Examples/ROS/ORB_SLAM3/src/../../../../include/Viewer.h:23[m[K,
[5.264s]                  from [01m[K/home/bdonyanavard/repos/ORB_SLAM3/Examples/ROS/ORB_SLAM3/src/../../../../include/Tracking.h:26[m[K,
[5.264s]                  from [01m[K/home/bdonyanavard/repos/ORB_SLAM3/Examples/ROS/ORB_SLAM3/src/../../../../include/System.h:31[m[K,
[5.264s]                  from [01m[K/home/bdonyanavard/repos/ORB_SLAM3/Examples/ROS/ORB_SLAM3/src/mono_inertial.cpp:35[m[K:
[5.264s] /home/bdonyanavard/repos/ORB_SLAM3/Examples/ROS/ORB_SLAM3/../../../Thirdparty/g2o/g2o/types/../core/base_binary_edge.h: In instantiation of ‘[01m[Kclass g2o::BaseBinaryEdge<2, Eigen::Matrix<double, 2, 1>, g2o::VertexSBAPointXYZ, g2o::VertexSE3Expmap>[m[K’:
[5.264s] [01m[K/home/bdonyanavard/repos/ORB_SLAM3/Examples/ROS/ORB_SLAM3/../../../Thirdparty/g2o/g2o/types/types_six_dof_expmap.h:114:35:[m[K   required from here
[5.264s] [01m[K/home/bdonyanavard/repos/ORB_SLAM3/Examples/ROS/ORB_SLAM3/../../../Thirdparty/g2o/g2o/types/../core/base_binary_edge.h:59:80:[m[K [01;35m[Kwarning: [m[K‘[01m[KEigen::AlignedBit[m[K’ is deprecated [[01;35m[K-Wdeprecated-declarations[m[K]
[5.264s]    59 |       typedef Eigen::Map<Matrix<double, Di, Dj>, Matrix<double, Di, Dj>::[01;35m[KFlags & AlignedBit[m[K ? Aligned : Unaligned > HessianBlockType;
[5.264s]       |                                                                          [01;35m[K~~~~~~^~~~~~~~~~~~[m[K
[5.264s] In file included from [01m[K/usr/include/eigen3/Eigen/Core:363[m[K,
[5.264s]                  from [01m[K/usr/include/eigen3/Eigen/LU:11[m[K,
[5.264s]                  from [01m[K/home/bdonyanavard/repos/ORB_SLAM3/Examples/ROS/ORB_SLAM3/../../../Thirdparty/Sophus/sophus/so2.hpp:12[m[K,
[5.265s]                  from [01m[K/home/bdonyanavard/repos/ORB_SLAM3/Examples/ROS/ORB_SLAM3/../../../Thirdparty/Sophus/sophus/se2.hpp:7[m[K,
[5.265s]                  from [01m[K/home/bdonyanavard/repos/ORB_SLAM3/Examples/ROS/ORB_SLAM3/../../../Thirdparty/Sophus/sophus/geometry.hpp:7[m[K,
[5.265s]                  from [01m[K/home/bdonyanavard/repos/ORB_SLAM3/Examples/ROS/ORB_SLAM3/src/../../../../include/Frame.h:28[m[K,
[5.265s]                  from [01m[K/home/bdonyanavard/repos/ORB_SLAM3/Examples/ROS/ORB_SLAM3/src/../../../../include/KeyFrame.h:28[m[K,
[5.265s]                  from [01m[K/home/bdonyanavard/repos/ORB_SLAM3/Examples/ROS/ORB_SLAM3/src/../../../../include/MapPoint.h:23[m[K,
[5.265s]                  from [01m[K/home/bdonyanavard/repos/ORB_SLAM3/Examples/ROS/ORB_SLAM3/src/../../../../include/FrameDrawer.h:24[m[K,
[5.265s]                  from [01m[K/home/bdonyanavard/repos/ORB_SLAM3/Examples/ROS/ORB_SLAM3/src/../../../../include/Viewer.h:23[m[K,
[5.265s]                  from [01m[K/home/bdonyanavard/repos/ORB_SLAM3/Examples/ROS/ORB_SLAM3/src/../../../../include/Tracking.h:26[m[K,
[5.265s]                  from [01m[K/home/bdonyanavard/repos/ORB_SLAM3/Examples/ROS/ORB_SLAM3/src/../../../../include/System.h:31[m[K,
[5.265s]                  from [01m[K/home/bdonyanavard/repos/ORB_SLAM3/Examples/ROS/ORB_SLAM3/src/mono_inertial.cpp:35[m[K:
[5.265s] [01m[K/usr/include/eigen3/Eigen/src/Core/util/Constants.h:162:37:[m[K [01;36m[Knote: [m[Kdeclared here
[5.266s]   162 | EIGEN_DEPRECATED const unsigned int [01;36m[KAlignedBit[m[K = 0x80;
[5.266s]       |                                     [01;36m[K^~~~~~~~~~[m[K
[5.272s] In file included from [01m[K/home/bdonyanavard/repos/ORB_SLAM3/Examples/ROS/ORB_SLAM3/../../../Thirdparty/g2o/g2o/types/types_six_dof_expmap.h:38[m[K,
[5.272s]                  from [01m[K/home/bdonyanavard/repos/ORB_SLAM3/Examples/ROS/ORB_SLAM3/src/../../../../include/Converter.h:26[m[K,
[5.272s]                  from [01m[K/home/bdonyanavard/repos/ORB_SLAM3/Examples/ROS/ORB_SLAM3/src/../../../../include/Frame.h:33[m[K,
[5.272s]                  from [01m[K/home/bdonyanavard/repos/ORB_SLAM3/Examples/ROS/ORB_SLAM3/src/../../../../include/KeyFrame.h:28[m[K,
[5.272s]                  from [01m[K/home/bdonyanavard/repos/ORB_SLAM3/Examples/ROS/ORB_SLAM3/src/../../../../include/MapPoint.h:23[m[K,
[5.272s]                  from [01m[K/home/bdonyanavard/repos/ORB_SLAM3/Examples/ROS/ORB_SLAM3/src/../../../../include/FrameDrawer.h:24[m[K,
[5.272s]                  from [01m[K/home/bdonyanavard/repos/ORB_SLAM3/Examples/ROS/ORB_SLAM3/src/../../../../include/Viewer.h:23[m[K,
[5.272s]                  from [01m[K/home/bdonyanavard/repos/ORB_SLAM3/Examples/ROS/ORB_SLAM3/src/../../../../include/Tracking.h:26[m[K,
[5.273s]                  from [01m[K/home/bdonyanavard/repos/ORB_SLAM3/Examples/ROS/ORB_SLAM3/src/../../../../include/System.h:31[m[K,
[5.273s]                  from [01m[K/home/bdonyanavard/repos/ORB_SLAM3/Examples/ROS/ORB_SLAM3/src/mono_inertial.cpp:35[m[K:
[5.273s] [01m[K/home/bdonyanavard/repos/ORB_SLAM3/Examples/ROS/ORB_SLAM3/../../../Thirdparty/g2o/g2o/types/../core/base_binary_edge.h:60:80:[m[K [01;35m[Kwarning: [m[K‘[01m[KEigen::AlignedBit[m[K’ is deprecated [[01;35m[K-Wdeprecated-declarations[m[K]
[5.273s]    60 |       typedef Eigen::Map<Matrix<double, Dj, Di>, Matrix<double, Dj, Di>::[01;35m[KFlags & AlignedBit[m[K ? Aligned : Unaligned > HessianBlockTransposedType;
[5.273s]       |                                                                          [01;35m[K~~~~~~^~~~~~~~~~~~[m[K
[5.273s] In file included from [01m[K/usr/include/eigen3/Eigen/Core:363[m[K,
[5.273s]                  from [01m[K/usr/include/eigen3/Eigen/LU:11[m[K,
[5.273s]                  from [01m[K/home/bdonyanavard/repos/ORB_SLAM3/Examples/ROS/ORB_SLAM3/../../../Thirdparty/Sophus/sophus/so2.hpp:12[m[K,
[5.273s]                  from [01m[K/home/bdonyanavard/repos/ORB_SLAM3/Examples/ROS/ORB_SLAM3/../../../Thirdparty/Sophus/sophus/se2.hpp:7[m[K,
[5.273s]                  from [01m[K/home/bdonyanavard/repos/ORB_SLAM3/Examples/ROS/ORB_SLAM3/../../../Thirdparty/Sophus/sophus/geometry.hpp:7[m[K,
[5.273s]                  from [01m[K/home/bdonyanavard/repos/ORB_SLAM3/Examples/ROS/ORB_SLAM3/src/../../../../include/Frame.h:28[m[K,
[5.273s]                  from [01m[K/home/bdonyanavard/repos/ORB_SLAM3/Examples/ROS/ORB_SLAM3/src/../../../../include/KeyFrame.h:28[m[K,
[5.274s]                  from [01m[K/home/bdonyanavard/repos/ORB_SLAM3/Examples/ROS/ORB_SLAM3/src/../../../../include/MapPoint.h:23[m[K,
[5.274s]                  from [01m[K/home/bdonyanavard/repos/ORB_SLAM3/Examples/ROS/ORB_SLAM3/src/../../../../include/FrameDrawer.h:24[m[K,
[5.274s]                  from [01m[K/home/bdonyanavard/repos/ORB_SLAM3/Examples/ROS/ORB_SLAM3/src/../../../../include/Viewer.h:23[m[K,
[5.274s]                  from [01m[K/home/bdonyanavard/repos/ORB_SLAM3/Examples/ROS/ORB_SLAM3/src/../../../../include/Tracking.h:26[m[K,
[5.274s]                  from [01m[K/home/bdonyanavard/repos/ORB_SLAM3/Examples/ROS/ORB_SLAM3/src/../../../../include/System.h:31[m[K,
[5.274s]                  from [01m[K/home/bdonyanavard/repos/ORB_SLAM3/Examples/ROS/ORB_SLAM3/src/mono_inertial.cpp:35[m[K:
[5.274s] [01m[K/usr/include/eigen3/Eigen/src/Core/util/Constants.h:162:37:[m[K [01;36m[Knote: [m[Kdeclared here
[5.274s]   162 | EIGEN_DEPRECATED const unsigned int [01;36m[KAlignedBit[m[K = 0x80;
[5.274s]       |                                     [01;36m[K^~~~~~~~~~[m[K
[5.309s] In file included from [01m[K/home/bdonyanavard/repos/ORB_SLAM3/Examples/ROS/ORB_SLAM3/../../../Thirdparty/g2o/g2o/types/types_six_dof_expmap.h:38[m[K,
[5.309s]                  from [01m[K/home/bdonyanavard/repos/ORB_SLAM3/Examples/ROS/ORB_SLAM3/src/../../../../include/Converter.h:26[m[K,
[5.309s]                  from [01m[K/home/bdonyanavard/repos/ORB_SLAM3/Examples/ROS/ORB_SLAM3/src/../../../../include/Frame.h:33[m[K,
[5.309s]                  from [01m[K/home/bdonyanavard/repos/ORB_SLAM3/Examples/ROS/ORB_SLAM3/src/../../../../include/KeyFrame.h:28[m[K,
[5.309s]                  from [01m[K/home/bdonyanavard/repos/ORB_SLAM3/Examples/ROS/ORB_SLAM3/src/../../../../include/MapPoint.h:23[m[K,
[5.309s]                  from [01m[K/home/bdonyanavard/repos/ORB_SLAM3/Examples/ROS/ORB_SLAM3/src/../../../../include/FrameDrawer.h:24[m[K,
[5.309s]                  from [01m[K/home/bdonyanavard/repos/ORB_SLAM3/Examples/ROS/ORB_SLAM3/src/../../../../include/Viewer.h:23[m[K,
[5.309s]                  from [01m[K/home/bdonyanavard/repos/ORB_SLAM3/Examples/ROS/ORB_SLAM3/src/../../../../include/Tracking.h:26[m[K,
[5.310s]                  from [01m[K/home/bdonyanavard/repos/ORB_SLAM3/Examples/ROS/ORB_SLAM3/src/../../../../include/System.h:31[m[K,
[5.310s]                  from [01m[K/home/bdonyanavard/repos/ORB_SLAM3/Examples/ROS/ORB_SLAM3/src/mono_inertial.cpp:35[m[K:
[5.310s] /home/bdonyanavard/repos/ORB_SLAM3/Examples/ROS/ORB_SLAM3/../../../Thirdparty/g2o/g2o/types/../core/base_binary_edge.h: In instantiation of ‘[01m[Kclass g2o::BaseBinaryEdge<3, Eigen::Matrix<double, 3, 1>, g2o::VertexSBAPointXYZ, g2o::VertexSE3Expmap>[m[K’:
[5.310s] [01m[K/home/bdonyanavard/repos/ORB_SLAM3/Examples/ROS/ORB_SLAM3/../../../Thirdparty/g2o/g2o/types/types_six_dof_expmap.h:146:41:[m[K   required from here
[5.310s] [01m[K/home/bdonyanavard/repos/ORB_SLAM3/Examples/ROS/ORB_SLAM3/../../../Thirdparty/g2o/g2o/types/../core/base_binary_edge.h:59:80:[m[K [01;35m[Kwarning: [m[K‘[01m[KEigen::AlignedBit[m[K’ is deprecated [[01;35m[K-Wdeprecated-declarations[m[K]
[5.310s]    59 |       typedef Eigen::Map<Matrix<double, Di, Dj>, Matrix<double, Di, Dj>::[01;35m[KFlags & AlignedBit[m[K ? Aligned : Unaligned > HessianBlockType;
[5.310s]       |                                                                          [01;35m[K~~~~~~^~~~~~~~~~~~[m[K
[5.310s] In file included from [01m[K/usr/include/eigen3/Eigen/Core:363[m[K,
[5.310s]                  from [01m[K/usr/include/eigen3/Eigen/LU:11[m[K,
[5.310s]                  from [01m[K/home/bdonyanavard/repos/ORB_SLAM3/Examples/ROS/ORB_SLAM3/../../../Thirdparty/Sophus/sophus/so2.hpp:12[m[K,
[5.310s]                  from [01m[K/home/bdonyanavard/repos/ORB_SLAM3/Examples/ROS/ORB_SLAM3/../../../Thirdparty/Sophus/sophus/se2.hpp:7[m[K,
[5.311s]                  from [01m[K/home/bdonyanavard/repos/ORB_SLAM3/Examples/ROS/ORB_SLAM3/../../../Thirdparty/Sophus/sophus/geometry.hpp:7[m[K,
[5.311s]                  from [01m[K/home/bdonyanavard/repos/ORB_SLAM3/Examples/ROS/ORB_SLAM3/src/../../../../include/Frame.h:28[m[K,
[5.311s]                  from [01m[K/home/bdonyanavard/repos/ORB_SLAM3/Examples/ROS/ORB_SLAM3/src/../../../../include/KeyFrame.h:28[m[K,
[5.311s]                  from [01m[K/home/bdonyanavard/repos/ORB_SLAM3/Examples/ROS/ORB_SLAM3/src/../../../../include/MapPoint.h:23[m[K,
[5.311s]                  from [01m[K/home/bdonyanavard/repos/ORB_SLAM3/Examples/ROS/ORB_SLAM3/src/../../../../include/FrameDrawer.h:24[m[K,
[5.311s]                  from [01m[K/home/bdonyanavard/repos/ORB_SLAM3/Examples/ROS/ORB_SLAM3/src/../../../../include/Viewer.h:23[m[K,
[5.311s]                  from [01m[K/home/bdonyanavard/repos/ORB_SLAM3/Examples/ROS/ORB_SLAM3/src/../../../../include/Tracking.h:26[m[K,
[5.311s]                  from [01m[K/home/bdonyanavard/repos/ORB_SLAM3/Examples/ROS/ORB_SLAM3/src/../../../../include/System.h:31[m[K,
[5.311s]                  from [01m[K/home/bdonyanavard/repos/ORB_SLAM3/Examples/ROS/ORB_SLAM3/src/mono_inertial.cpp:35[m[K:
[5.311s] [01m[K/usr/include/eigen3/Eigen/src/Core/util/Constants.h:162:37:[m[K [01;36m[Knote: [m[Kdeclared here
[5.311s]   162 | EIGEN_DEPRECATED const unsigned int [01;36m[KAlignedBit[m[K = 0x80;
[5.312s]       |                                     [01;36m[K^~~~~~~~~~[m[K
[5.312s] In file included from [01m[K/home/bdonyanavard/repos/ORB_SLAM3/Examples/ROS/ORB_SLAM3/../../../Thirdparty/g2o/g2o/types/types_six_dof_expmap.h:38[m[K,
[5.312s]                  from [01m[K/home/bdonyanavard/repos/ORB_SLAM3/Examples/ROS/ORB_SLAM3/src/../../../../include/Converter.h:26[m[K,
[5.312s]                  from [01m[K/home/bdonyanavard/repos/ORB_SLAM3/Examples/ROS/ORB_SLAM3/src/../../../../include/Frame.h:33[m[K,
[5.312s]                  from [01m[K/home/bdonyanavard/repos/ORB_SLAM3/Examples/ROS/ORB_SLAM3/src/../../../../include/KeyFrame.h:28[m[K,
[5.312s]                  from [01m[K/home/bdonyanavard/repos/ORB_SLAM3/Examples/ROS/ORB_SLAM3/src/../../../../include/MapPoint.h:23[m[K,
[5.312s]                  from [01m[K/home/bdonyanavard/repos/ORB_SLAM3/Examples/ROS/ORB_SLAM3/src/../../../../include/FrameDrawer.h:24[m[K,
[5.312s]                  from [01m[K/home/bdonyanavard/repos/ORB_SLAM3/Examples/ROS/ORB_SLAM3/src/../../../../include/Viewer.h:23[m[K,
[5.312s]                  from [01m[K/home/bdonyanavard/repos/ORB_SLAM3/Examples/ROS/ORB_SLAM3/src/../../../../include/Tracking.h:26[m[K,
[5.312s]                  from [01m[K/home/bdonyanavard/repos/ORB_SLAM3/Examples/ROS/ORB_SLAM3/src/../../../../include/System.h:31[m[K,
[5.312s]                  from [01m[K/home/bdonyanavard/repos/ORB_SLAM3/Examples/ROS/ORB_SLAM3/src/mono_inertial.cpp:35[m[K:
[5.313s] [01m[K/home/bdonyanavard/repos/ORB_SLAM3/Examples/ROS/ORB_SLAM3/../../../Thirdparty/g2o/g2o/types/../core/base_binary_edge.h:60:80:[m[K [01;35m[Kwarning: [m[K‘[01m[KEigen::AlignedBit[m[K’ is deprecated [[01;35m[K-Wdeprecated-declarations[m[K]
[5.313s]    60 |       typedef Eigen::Map<Matrix<double, Dj, Di>, Matrix<double, Dj, Di>::[01;35m[KFlags & AlignedBit[m[K ? Aligned : Unaligned > HessianBlockTransposedType;
[5.313s]       |                                                                          [01;35m[K~~~~~~^~~~~~~~~~~~[m[K
[5.313s] In file included from [01m[K/usr/include/eigen3/Eigen/Core:363[m[K,
[5.313s]                  from [01m[K/usr/include/eigen3/Eigen/LU:11[m[K,
[5.313s]                  from [01m[K/home/bdonyanavard/repos/ORB_SLAM3/Examples/ROS/ORB_SLAM3/../../../Thirdparty/Sophus/sophus/so2.hpp:12[m[K,
[5.313s]                  from [01m[K/home/bdonyanavard/repos/ORB_SLAM3/Examples/ROS/ORB_SLAM3/../../../Thirdparty/Sophus/sophus/se2.hpp:7[m[K,
[5.313s]                  from [01m[K/home/bdonyanavard/repos/ORB_SLAM3/Examples/ROS/ORB_SLAM3/../../../Thirdparty/Sophus/sophus/geometry.hpp:7[m[K,
[5.313s]                  from [01m[K/home/bdonyanavard/repos/ORB_SLAM3/Examples/ROS/ORB_SLAM3/src/../../../../include/Frame.h:28[m[K,
[5.313s]                  from [01m[K/home/bdonyanavard/repos/ORB_SLAM3/Examples/ROS/ORB_SLAM3/src/../../../../include/KeyFrame.h:28[m[K,
[5.313s]                  from [01m[K/home/bdonyanavard/repos/ORB_SLAM3/Examples/ROS/ORB_SLAM3/src/../../../../include/MapPoint.h:23[m[K,
[5.314s]                  from [01m[K/home/bdonyanavard/repos/ORB_SLAM3/Examples/ROS/ORB_SLAM3/src/../../../../include/FrameDrawer.h:24[m[K,
[5.314s]                  from [01m[K/home/bdonyanavard/repos/ORB_SLAM3/Examples/ROS/ORB_SLAM3/src/../../../../include/Viewer.h:23[m[K,
[5.314s]                  from [01m[K/home/bdonyanavard/repos/ORB_SLAM3/Examples/ROS/ORB_SLAM3/src/../../../../include/Tracking.h:26[m[K,
[5.314s]                  from [01m[K/home/bdonyanavard/repos/ORB_SLAM3/Examples/ROS/ORB_SLAM3/src/../../../../include/System.h:31[m[K,
[5.314s]                  from [01m[K/home/bdonyanavard/repos/ORB_SLAM3/Examples/ROS/ORB_SLAM3/src/mono_inertial.cpp:35[m[K:
[5.314s] [01m[K/usr/include/eigen3/Eigen/src/Core/util/Constants.h:162:37:[m[K [01;36m[Knote: [m[Kdeclared here
[5.314s]   162 | EIGEN_DEPRECATED const unsigned int [01;36m[KAlignedBit[m[K = 0x80;
[5.314s]       |                                     [01;36m[K^~~~~~~~~~[m[K
[5.438s] In file included from [01m[K/home/bdonyanavard/repos/ORB_SLAM3/Examples/ROS/ORB_SLAM3/../../../Thirdparty/g2o/g2o/types/types_six_dof_expmap.h:37[m[K,
[5.438s]                  from [01m[K/home/bdonyanavard/repos/ORB_SLAM3/Examples/ROS/ORB_SLAM3/src/../../../../include/Converter.h:26[m[K,
[5.438s]                  from [01m[K/home/bdonyanavard/repos/ORB_SLAM3/Examples/ROS/ORB_SLAM3/src/../../../../include/Frame.h:33[m[K,
[5.438s]                  from [01m[K/home/bdonyanavard/repos/ORB_SLAM3/Examples/ROS/ORB_SLAM3/src/../../../../include/KeyFrame.h:28[m[K,
[5.438s]                  from [01m[K/home/bdonyanavard/repos/ORB_SLAM3/Examples/ROS/ORB_SLAM3/src/../../../../include/MapPoint.h:23[m[K,
[5.438s]                  from [01m[K/home/bdonyanavard/repos/ORB_SLAM3/Examples/ROS/ORB_SLAM3/src/../../../../include/FrameDrawer.h:24[m[K,
[5.439s]                  from [01m[K/home/bdonyanavard/repos/ORB_SLAM3/Examples/ROS/ORB_SLAM3/src/../../../../include/Viewer.h:23[m[K,
[5.439s]                  from [01m[K/home/bdonyanavard/repos/ORB_SLAM3/Examples/ROS/ORB_SLAM3/src/../../../../include/Tracking.h:26[m[K,
[5.439s]                  from [01m[K/home/bdonyanavard/repos/ORB_SLAM3/Examples/ROS/ORB_SLAM3/src/../../../../include/System.h:31[m[K,
[5.439s]                  from [01m[K/home/bdonyanavard/repos/ORB_SLAM3/Examples/ROS/ORB_SLAM3/src/mono_inertial.cpp:35[m[K:
[5.439s] /home/bdonyanavard/repos/ORB_SLAM3/Examples/ROS/ORB_SLAM3/../../../Thirdparty/g2o/g2o/types/../core/base_vertex.h: In instantiation of ‘[01m[Kclass g2o::BaseVertex<7, g2o::Sim3>[m[K’:
[5.439s] [01m[K/home/bdonyanavard/repos/ORB_SLAM3/Examples/ROS/ORB_SLAM3/../../../Thirdparty/g2o/g2o/types/types_seven_dof_expmap.h:48:35:[m[K   required from here
[5.439s] [01m[K/home/bdonyanavard/repos/ORB_SLAM3/Examples/ROS/ORB_SLAM3/../../../Thirdparty/g2o/g2o/types/../core/base_vertex.h:62:72:[m[K [01;35m[Kwarning: [m[K‘[01m[KEigen::AlignedBit[m[K’ is deprecated [[01;35m[K-Wdeprecated-declarations[m[K]
[5.439s]    62 |     typedef Eigen::Map<Matrix<double, D, D>, Matrix<double,D,D>::[01;35m[KFlags & AlignedBit[m[K ? Aligned : Unaligned >  HessianBlockType;
[5.439s]       |                                                                  [01;35m[K~~~~~~^~~~~~~~~~~~[m[K
[5.439s] In file included from [01m[K/usr/include/eigen3/Eigen/Core:363[m[K,
[5.439s]                  from [01m[K/usr/include/eigen3/Eigen/LU:11[m[K,
[5.440s]                  from [01m[K/home/bdonyanavard/repos/ORB_SLAM3/Examples/ROS/ORB_SLAM3/../../../Thirdparty/Sophus/sophus/so2.hpp:12[m[K,
[5.440s]                  from [01m[K/home/bdonyanavard/repos/ORB_SLAM3/Examples/ROS/ORB_SLAM3/../../../Thirdparty/Sophus/sophus/se2.hpp:7[m[K,
[5.440s]                  from [01m[K/home/bdonyanavard/repos/ORB_SLAM3/Examples/ROS/ORB_SLAM3/../../../Thirdparty/Sophus/sophus/geometry.hpp:7[m[K,
[5.440s]                  from [01m[K/home/bdonyanavard/repos/ORB_SLAM3/Examples/ROS/ORB_SLAM3/src/../../../../include/Frame.h:28[m[K,
[5.440s]                  from [01m[K/home/bdonyanavard/repos/ORB_SLAM3/Examples/ROS/ORB_SLAM3/src/../../../../include/KeyFrame.h:28[m[K,
[5.440s]                  from [01m[K/home/bdonyanavard/repos/ORB_SLAM3/Examples/ROS/ORB_SLAM3/src/../../../../include/MapPoint.h:23[m[K,
[5.440s]                  from [01m[K/home/bdonyanavard/repos/ORB_SLAM3/Examples/ROS/ORB_SLAM3/src/../../../../include/FrameDrawer.h:24[m[K,
[5.440s]                  from [01m[K/home/bdonyanavard/repos/ORB_SLAM3/Examples/ROS/ORB_SLAM3/src/../../../../include/Viewer.h:23[m[K,
[5.440s]                  from [01m[K/home/bdonyanavard/repos/ORB_SLAM3/Examples/ROS/ORB_SLAM3/src/../../../../include/Tracking.h:26[m[K,
[5.440s]                  from [01m[K/home/bdonyanavard/repos/ORB_SLAM3/Examples/ROS/ORB_SLAM3/src/../../../../include/System.h:31[m[K,
[5.440s]                  from [01m[K/home/bdonyanavard/repos/ORB_SLAM3/Examples/ROS/ORB_SLAM3/src/mono_inertial.cpp:35[m[K:
[5.441s] [01m[K/usr/include/eigen3/Eigen/src/Core/util/Constants.h:162:37:[m[K [01;36m[Knote: [m[Kdeclared here
[5.441s]   162 | EIGEN_DEPRECATED const unsigned int [01;36m[KAlignedBit[m[K = 0x80;
[5.441s]       |                                     [01;36m[K^~~~~~~~~~[m[K
[5.459s] In file included from [01m[K/home/bdonyanavard/repos/ORB_SLAM3/Examples/ROS/ORB_SLAM3/../../../Thirdparty/g2o/g2o/types/types_six_dof_expmap.h:38[m[K,
[5.459s]                  from [01m[K/home/bdonyanavard/repos/ORB_SLAM3/Examples/ROS/ORB_SLAM3/src/../../../../include/Converter.h:26[m[K,
[5.459s]                  from [01m[K/home/bdonyanavard/repos/ORB_SLAM3/Examples/ROS/ORB_SLAM3/src/../../../../include/Frame.h:33[m[K,
[5.459s]                  from [01m[K/home/bdonyanavard/repos/ORB_SLAM3/Examples/ROS/ORB_SLAM3/src/../../../../include/KeyFrame.h:28[m[K,
[5.459s]                  from [01m[K/home/bdonyanavard/repos/ORB_SLAM3/Examples/ROS/ORB_SLAM3/src/../../../../include/MapPoint.h:23[m[K,
[5.459s]                  from [01m[K/home/bdonyanavard/repos/ORB_SLAM3/Examples/ROS/ORB_SLAM3/src/../../../../include/FrameDrawer.h:24[m[K,
[5.459s]                  from [01m[K/home/bdonyanavard/repos/ORB_SLAM3/Examples/ROS/ORB_SLAM3/src/../../../../include/Viewer.h:23[m[K,
[5.459s]                  from [01m[K/home/bdonyanavard/repos/ORB_SLAM3/Examples/ROS/ORB_SLAM3/src/../../../../include/Tracking.h:26[m[K,
[5.459s]                  from [01m[K/home/bdonyanavard/repos/ORB_SLAM3/Examples/ROS/ORB_SLAM3/src/../../../../include/System.h:31[m[K,
[5.459s]                  from [01m[K/home/bdonyanavard/repos/ORB_SLAM3/Examples/ROS/ORB_SLAM3/src/mono_inertial.cpp:35[m[K:
[5.459s] /home/bdonyanavard/repos/ORB_SLAM3/Examples/ROS/ORB_SLAM3/../../../Thirdparty/g2o/g2o/types/../core/base_binary_edge.h: In instantiation of ‘[01m[Kclass g2o::BaseBinaryEdge<7, g2o::Sim3, g2o::VertexSim3Expmap, g2o::VertexSim3Expmap>[m[K’:
[5.460s] [01m[K/home/bdonyanavard/repos/ORB_SLAM3/Examples/ROS/ORB_SLAM3/../../../Thirdparty/g2o/g2o/types/types_seven_dof_expmap.h:99:27:[m[K   required from here
[5.460s] [01m[K/home/bdonyanavard/repos/ORB_SLAM3/Examples/ROS/ORB_SLAM3/../../../Thirdparty/g2o/g2o/types/../core/base_binary_edge.h:59:80:[m[K [01;35m[Kwarning: [m[K‘[01m[KEigen::AlignedBit[m[K’ is deprecated [[01;35m[K-Wdeprecated-declarations[m[K]
[5.460s]    59 |       typedef Eigen::Map<Matrix<double, Di, Dj>, Matrix<double, Di, Dj>::[01;35m[KFlags & AlignedBit[m[K ? Aligned : Unaligned > HessianBlockType;
[5.460s]       |                                                                          [01;35m[K~~~~~~^~~~~~~~~~~~[m[K
[5.460s] In file included from [01m[K/usr/include/eigen3/Eigen/Core:363[m[K,
[5.460s]                  from [01m[K/usr/include/eigen3/Eigen/LU:11[m[K,
[5.460s]                  from [01m[K/home/bdonyanavard/repos/ORB_SLAM3/Examples/ROS/ORB_SLAM3/../../../Thirdparty/Sophus/sophus/so2.hpp:12[m[K,
[5.460s]                  from [01m[K/home/bdonyanavard/repos/ORB_SLAM3/Examples/ROS/ORB_SLAM3/../../../Thirdparty/Sophus/sophus/se2.hpp:7[m[K,
[5.460s]                  from [01m[K/home/bdonyanavard/repos/ORB_SLAM3/Examples/ROS/ORB_SLAM3/../../../Thirdparty/Sophus/sophus/geometry.hpp:7[m[K,
[5.460s]                  from [01m[K/home/bdonyanavard/repos/ORB_SLAM3/Examples/ROS/ORB_SLAM3/src/../../../../include/Frame.h:28[m[K,
[5.460s]                  from [01m[K/home/bdonyanavard/repos/ORB_SLAM3/Examples/ROS/ORB_SLAM3/src/../../../../include/KeyFrame.h:28[m[K,
[5.460s]                  from [01m[K/home/bdonyanavard/repos/ORB_SLAM3/Examples/ROS/ORB_SLAM3/src/../../../../include/MapPoint.h:23[m[K,
[5.461s]                  from [01m[K/home/bdonyanavard/repos/ORB_SLAM3/Examples/ROS/ORB_SLAM3/src/../../../../include/FrameDrawer.h:24[m[K,
[5.461s]                  from [01m[K/home/bdonyanavard/repos/ORB_SLAM3/Examples/ROS/ORB_SLAM3/src/../../../../include/Viewer.h:23[m[K,
[5.461s]                  from [01m[K/home/bdonyanavard/repos/ORB_SLAM3/Examples/ROS/ORB_SLAM3/src/../../../../include/Tracking.h:26[m[K,
[5.461s]                  from [01m[K/home/bdonyanavard/repos/ORB_SLAM3/Examples/ROS/ORB_SLAM3/src/../../../../include/System.h:31[m[K,
[5.461s]                  from [01m[K/home/bdonyanavard/repos/ORB_SLAM3/Examples/ROS/ORB_SLAM3/src/mono_inertial.cpp:35[m[K:
[5.461s] [01m[K/usr/include/eigen3/Eigen/src/Core/util/Constants.h:162:37:[m[K [01;36m[Knote: [m[Kdeclared here
[5.461s]   162 | EIGEN_DEPRECATED const unsigned int [01;36m[KAlignedBit[m[K = 0x80;
[5.461s]       |                                     [01;36m[K^~~~~~~~~~[m[K
[5.461s] In file included from [01m[K/home/bdonyanavard/repos/ORB_SLAM3/Examples/ROS/ORB_SLAM3/../../../Thirdparty/g2o/g2o/types/types_six_dof_expmap.h:38[m[K,
[5.461s]                  from [01m[K/home/bdonyanavard/repos/ORB_SLAM3/Examples/ROS/ORB_SLAM3/src/../../../../include/Converter.h:26[m[K,
[5.461s]                  from [01m[K/home/bdonyanavard/repos/ORB_SLAM3/Examples/ROS/ORB_SLAM3/src/../../../../include/Frame.h:33[m[K,
[5.461s]                  from [01m[K/home/bdonyanavard/repos/ORB_SLAM3/Examples/ROS/ORB_SLAM3/src/../../../../include/KeyFrame.h:28[m[K,
[5.462s]                  from [01m[K/home/bdonyanavard/repos/ORB_SLAM3/Examples/ROS/ORB_SLAM3/src/../../../../include/MapPoint.h:23[m[K,
[5.462s]                  from [01m[K/home/bdonyanavard/repos/ORB_SLAM3/Examples/ROS/ORB_SLAM3/src/../../../../include/FrameDrawer.h:24[m[K,
[5.462s]                  from [01m[K/home/bdonyanavard/repos/ORB_SLAM3/Examples/ROS/ORB_SLAM3/src/../../../../include/Viewer.h:23[m[K,
[5.462s]                  from [01m[K/home/bdonyanavard/repos/ORB_SLAM3/Examples/ROS/ORB_SLAM3/src/../../../../include/Tracking.h:26[m[K,
[5.462s]                  from [01m[K/home/bdonyanavard/repos/ORB_SLAM3/Examples/ROS/ORB_SLAM3/src/../../../../include/System.h:31[m[K,
[5.462s]                  from [01m[K/home/bdonyanavard/repos/ORB_SLAM3/Examples/ROS/ORB_SLAM3/src/mono_inertial.cpp:35[m[K:
[5.462s] [01m[K/home/bdonyanavard/repos/ORB_SLAM3/Examples/ROS/ORB_SLAM3/../../../Thirdparty/g2o/g2o/types/../core/base_binary_edge.h:60:80:[m[K [01;35m[Kwarning: [m[K‘[01m[KEigen::AlignedBit[m[K’ is deprecated [[01;35m[K-Wdeprecated-declarations[m[K]
[5.462s]    60 |       typedef Eigen::Map<Matrix<double, Dj, Di>, Matrix<double, Dj, Di>::[01;35m[KFlags & AlignedBit[m[K ? Aligned : Unaligned > HessianBlockTransposedType;
[5.462s]       |                                                                          [01;35m[K~~~~~~^~~~~~~~~~~~[m[K
[5.462s] In file included from [01m[K/usr/include/eigen3/Eigen/Core:363[m[K,
[5.462s]                  from [01m[K/usr/include/eigen3/Eigen/LU:11[m[K,
[5.462s]                  from [01m[K/home/bdonyanavard/repos/ORB_SLAM3/Examples/ROS/ORB_SLAM3/../../../Thirdparty/Sophus/sophus/so2.hpp:12[m[K,
[5.463s]                  from [01m[K/home/bdonyanavard/repos/ORB_SLAM3/Examples/ROS/ORB_SLAM3/../../../Thirdparty/Sophus/sophus/se2.hpp:7[m[K,
[5.463s]                  from [01m[K/home/bdonyanavard/repos/ORB_SLAM3/Examples/ROS/ORB_SLAM3/../../../Thirdparty/Sophus/sophus/geometry.hpp:7[m[K,
[5.463s]                  from [01m[K/home/bdonyanavard/repos/ORB_SLAM3/Examples/ROS/ORB_SLAM3/src/../../../../include/Frame.h:28[m[K,
[5.463s]                  from [01m[K/home/bdonyanavard/repos/ORB_SLAM3/Examples/ROS/ORB_SLAM3/src/../../../../include/KeyFrame.h:28[m[K,
[5.463s]                  from [01m[K/home/bdonyanavard/repos/ORB_SLAM3/Examples/ROS/ORB_SLAM3/src/../../../../include/MapPoint.h:23[m[K,
[5.463s]                  from [01m[K/home/bdonyanavard/repos/ORB_SLAM3/Examples/ROS/ORB_SLAM3/src/../../../../include/FrameDrawer.h:24[m[K,
[5.463s]                  from [01m[K/home/bdonyanavard/repos/ORB_SLAM3/Examples/ROS/ORB_SLAM3/src/../../../../include/Viewer.h:23[m[K,
[5.463s]                  from [01m[K/home/bdonyanavard/repos/ORB_SLAM3/Examples/ROS/ORB_SLAM3/src/../../../../include/Tracking.h:26[m[K,
[5.463s]                  from [01m[K/home/bdonyanavard/repos/ORB_SLAM3/Examples/ROS/ORB_SLAM3/src/../../../../include/System.h:31[m[K,
[5.463s]                  from [01m[K/home/bdonyanavard/repos/ORB_SLAM3/Examples/ROS/ORB_SLAM3/src/mono_inertial.cpp:35[m[K:
[5.463s] [01m[K/usr/include/eigen3/Eigen/src/Core/util/Constants.h:162:37:[m[K [01;36m[Knote: [m[Kdeclared here
[5.463s]   162 | EIGEN_DEPRECATED const unsigned int [01;36m[KAlignedBit[m[K = 0x80;
[5.464s]       |                                     [01;36m[K^~~~~~~~~~[m[K
[5.487s] In file included from [01m[K/home/bdonyanavard/repos/ORB_SLAM3/Examples/ROS/ORB_SLAM3/../../../Thirdparty/g2o/g2o/types/types_six_dof_expmap.h:38[m[K,
[5.487s]                  from [01m[K/home/bdonyanavard/repos/ORB_SLAM3/Examples/ROS/ORB_SLAM3/src/../../../../include/Converter.h:26[m[K,
[5.487s]                  from [01m[K/home/bdonyanavard/repos/ORB_SLAM3/Examples/ROS/ORB_SLAM3/src/../../../../include/Frame.h:33[m[K,
[5.487s]                  from [01m[K/home/bdonyanavard/repos/ORB_SLAM3/Examples/ROS/ORB_SLAM3/src/../../../../include/KeyFrame.h:28[m[K,
[5.487s]                  from [01m[K/home/bdonyanavard/repos/ORB_SLAM3/Examples/ROS/ORB_SLAM3/src/../../../../include/MapPoint.h:23[m[K,
[5.487s]                  from [01m[K/home/bdonyanavard/repos/ORB_SLAM3/Examples/ROS/ORB_SLAM3/src/../../../../include/FrameDrawer.h:24[m[K,
[5.487s]                  from [01m[K/home/bdonyanavard/repos/ORB_SLAM3/Examples/ROS/ORB_SLAM3/src/../../../../include/Viewer.h:23[m[K,
[5.487s]                  from [01m[K/home/bdonyanavard/repos/ORB_SLAM3/Examples/ROS/ORB_SLAM3/src/../../../../include/Tracking.h:26[m[K,
[5.487s]                  from [01m[K/home/bdonyanavard/repos/ORB_SLAM3/Examples/ROS/ORB_SLAM3/src/../../../../include/System.h:31[m[K,
[5.487s]                  from [01m[K/home/bdonyanavard/repos/ORB_SLAM3/Examples/ROS/ORB_SLAM3/src/mono_inertial.cpp:35[m[K:
[5.487s] /home/bdonyanavard/repos/ORB_SLAM3/Examples/ROS/ORB_SLAM3/../../../Thirdparty/g2o/g2o/types/../core/base_binary_edge.h: In instantiation of ‘[01m[Kclass g2o::BaseBinaryEdge<2, Eigen::Matrix<double, 2, 1>, g2o::VertexSBAPointXYZ, g2o::VertexSim3Expmap>[m[K’:
[5.487s] [01m[K/home/bdonyanavard/repos/ORB_SLAM3/Examples/ROS/ORB_SLAM3/../../../Thirdparty/g2o/g2o/types/types_seven_dof_expmap.h:130:36:[m[K   required from here
[5.487s] [01m[K/home/bdonyanavard/repos/ORB_SLAM3/Examples/ROS/ORB_SLAM3/../../../Thirdparty/g2o/g2o/types/../core/base_binary_edge.h:59:80:[m[K [01;35m[Kwarning: [m[K‘[01m[KEigen::AlignedBit[m[K’ is deprecated [[01;35m[K-Wdeprecated-declarations[m[K]
[5.487s]    59 |       typedef Eigen::Map<Matrix<double, Di, Dj>, Matrix<double, Di, Dj>::[01;35m[KFlags & AlignedBit[m[K ? Aligned : Unaligned > HessianBlockType;
[5.487s]       |                                                                          [01;35m[K~~~~~~^~~~~~~~~~~~[m[K
[5.487s] In file included from [01m[K/usr/include/eigen3/Eigen/Core:363[m[K,
[5.487s]                  from [01m[K/usr/include/eigen3/Eigen/LU:11[m[K,
[5.488s]                  from [01m[K/home/bdonyanavard/repos/ORB_SLAM3/Examples/ROS/ORB_SLAM3/../../../Thirdparty/Sophus/sophus/so2.hpp:12[m[K,
[5.488s]                  from [01m[K/home/bdonyanavard/repos/ORB_SLAM3/Examples/ROS/ORB_SLAM3/../../../Thirdparty/Sophus/sophus/se2.hpp:7[m[K,
[5.488s]                  from [01m[K/home/bdonyanavard/repos/ORB_SLAM3/Examples/ROS/ORB_SLAM3/../../../Thirdparty/Sophus/sophus/geometry.hpp:7[m[K,
[5.488s]                  from [01m[K/home/bdonyanavard/repos/ORB_SLAM3/Examples/ROS/ORB_SLAM3/src/../../../../include/Frame.h:28[m[K,
[5.488s]                  from [01m[K/home/bdonyanavard/repos/ORB_SLAM3/Examples/ROS/ORB_SLAM3/src/../../../../include/KeyFrame.h:28[m[K,
[5.488s]                  from [01m[K/home/bdonyanavard/repos/ORB_SLAM3/Examples/ROS/ORB_SLAM3/src/../../../../include/MapPoint.h:23[m[K,
[5.488s]                  from [01m[K/home/bdonyanavard/repos/ORB_SLAM3/Examples/ROS/ORB_SLAM3/src/../../../../include/FrameDrawer.h:24[m[K,
[5.488s]                  from [01m[K/home/bdonyanavard/repos/ORB_SLAM3/Examples/ROS/ORB_SLAM3/src/../../../../include/Viewer.h:23[m[K,
[5.488s]                  from [01m[K/home/bdonyanavard/repos/ORB_SLAM3/Examples/ROS/ORB_SLAM3/src/../../../../include/Tracking.h:26[m[K,
[5.488s]                  from [01m[K/home/bdonyanavard/repos/ORB_SLAM3/Examples/ROS/ORB_SLAM3/src/../../../../include/System.h:31[m[K,
[5.488s]                  from [01m[K/home/bdonyanavard/repos/ORB_SLAM3/Examples/ROS/ORB_SLAM3/src/mono_inertial.cpp:35[m[K:
[5.488s] [01m[K/usr/include/eigen3/Eigen/src/Core/util/Constants.h:162:37:[m[K [01;36m[Knote: [m[Kdeclared here
[5.488s]   162 | EIGEN_DEPRECATED const unsigned int [01;36m[KAlignedBit[m[K = 0x80;
[5.488s]       |                                     [01;36m[K^~~~~~~~~~[m[K
[5.496s] In file included from [01m[K/home/bdonyanavard/repos/ORB_SLAM3/Examples/ROS/ORB_SLAM3/../../../Thirdparty/g2o/g2o/types/types_six_dof_expmap.h:38[m[K,
[5.496s]                  from [01m[K/home/bdonyanavard/repos/ORB_SLAM3/Examples/ROS/ORB_SLAM3/src/../../../../include/Converter.h:26[m[K,
[5.496s]                  from [01m[K/home/bdonyanavard/repos/ORB_SLAM3/Examples/ROS/ORB_SLAM3/src/../../../../include/Frame.h:33[m[K,
[5.496s]                  from [01m[K/home/bdonyanavard/repos/ORB_SLAM3/Examples/ROS/ORB_SLAM3/src/../../../../include/KeyFrame.h:28[m[K,
[5.496s]                  from [01m[K/home/bdonyanavard/repos/ORB_SLAM3/Examples/ROS/ORB_SLAM3/src/../../../../include/MapPoint.h:23[m[K,
[5.496s]                  from [01m[K/home/bdonyanavard/repos/ORB_SLAM3/Examples/ROS/ORB_SLAM3/src/../../../../include/FrameDrawer.h:24[m[K,
[5.496s]                  from [01m[K/home/bdonyanavard/repos/ORB_SLAM3/Examples/ROS/ORB_SLAM3/src/../../../../include/Viewer.h:23[m[K,
[5.496s]                  from [01m[K/home/bdonyanavard/repos/ORB_SLAM3/Examples/ROS/ORB_SLAM3/src/../../../../include/Tracking.h:26[m[K,
[5.496s]                  from [01m[K/home/bdonyanavard/repos/ORB_SLAM3/Examples/ROS/ORB_SLAM3/src/../../../../include/System.h:31[m[K,
[5.497s]                  from [01m[K/home/bdonyanavard/repos/ORB_SLAM3/Examples/ROS/ORB_SLAM3/src/mono_inertial.cpp:35[m[K:
[5.497s] [01m[K/home/bdonyanavard/repos/ORB_SLAM3/Examples/ROS/ORB_SLAM3/../../../Thirdparty/g2o/g2o/types/../core/base_binary_edge.h:60:80:[m[K [01;35m[Kwarning: [m[K‘[01m[KEigen::AlignedBit[m[K’ is deprecated [[01;35m[K-Wdeprecated-declarations[m[K]
[5.497s]    60 |       typedef Eigen::Map<Matrix<double, Dj, Di>, Matrix<double, Dj, Di>::[01;35m[KFlags & AlignedBit[m[K ? Aligned : Unaligned > HessianBlockTransposedType;
[5.497s]       |                                                                          [01;35m[K~~~~~~^~~~~~~~~~~~[m[K
[5.497s] In file included from [01m[K/usr/include/eigen3/Eigen/Core:363[m[K,
[5.497s]                  from [01m[K/usr/include/eigen3/Eigen/LU:11[m[K,
[5.497s]                  from [01m[K/home/bdonyanavard/repos/ORB_SLAM3/Examples/ROS/ORB_SLAM3/../../../Thirdparty/Sophus/sophus/so2.hpp:12[m[K,
[5.497s]                  from [01m[K/home/bdonyanavard/repos/ORB_SLAM3/Examples/ROS/ORB_SLAM3/../../../Thirdparty/Sophus/sophus/se2.hpp:7[m[K,
[5.497s]                  from [01m[K/home/bdonyanavard/repos/ORB_SLAM3/Examples/ROS/ORB_SLAM3/../../../Thirdparty/Sophus/sophus/geometry.hpp:7[m[K,
[5.497s]                  from [01m[K/home/bdonyanavard/repos/ORB_SLAM3/Examples/ROS/ORB_SLAM3/src/../../../../include/Frame.h:28[m[K,
[5.497s]                  from [01m[K/home/bdonyanavard/repos/ORB_SLAM3/Examples/ROS/ORB_SLAM3/src/../../../../include/KeyFrame.h:28[m[K,
[5.497s]                  from [01m[K/home/bdonyanavard/repos/ORB_SLAM3/Examples/ROS/ORB_SLAM3/src/../../../../include/MapPoint.h:23[m[K,
[5.497s]                  from [01m[K/home/bdonyanavard/repos/ORB_SLAM3/Examples/ROS/ORB_SLAM3/src/../../../../include/FrameDrawer.h:24[m[K,
[5.497s]                  from [01m[K/home/bdonyanavard/repos/ORB_SLAM3/Examples/ROS/ORB_SLAM3/src/../../../../include/Viewer.h:23[m[K,
[5.498s]                  from [01m[K/home/bdonyanavard/repos/ORB_SLAM3/Examples/ROS/ORB_SLAM3/src/../../../../include/Tracking.h:26[m[K,
[5.498s]                  from [01m[K/home/bdonyanavard/repos/ORB_SLAM3/Examples/ROS/ORB_SLAM3/src/../../../../include/System.h:31[m[K,
[5.498s]                  from [01m[K/home/bdonyanavard/repos/ORB_SLAM3/Examples/ROS/ORB_SLAM3/src/mono_inertial.cpp:35[m[K:
[5.498s] [01m[K/usr/include/eigen3/Eigen/src/Core/util/Constants.h:162:37:[m[K [01;36m[Knote: [m[Kdeclared here
[5.498s]   162 | EIGEN_DEPRECATED const unsigned int [01;36m[KAlignedBit[m[K = 0x80;
[5.498s]       |                                     [01;36m[K^~~~~~~~~~[m[K
[5.544s] In file included from [01m[K/home/bdonyanavard/repos/ORB_SLAM3/Examples/ROS/ORB_SLAM3/src/../../../../include/Frame.h:34[m[K,
[5.544s]                  from [01m[K/home/bdonyanavard/repos/ORB_SLAM3/Examples/ROS/ORB_SLAM3/src/../../../../include/KeyFrame.h:28[m[K,
[5.544s]                  from [01m[K/home/bdonyanavard/repos/ORB_SLAM3/Examples/ROS/ORB_SLAM3/src/../../../../include/MapPoint.h:23[m[K,
[5.544s]                  from [01m[K/home/bdonyanavard/repos/ORB_SLAM3/Examples/ROS/ORB_SLAM3/src/../../../../include/FrameDrawer.h:24[m[K,
[5.544s]                  from [01m[K/home/bdonyanavard/repos/ORB_SLAM3/Examples/ROS/ORB_SLAM3/src/../../../../include/Viewer.h:23[m[K,
[5.544s]                  from [01m[K/home/bdonyanavard/repos/ORB_SLAM3/Examples/ROS/ORB_SLAM3/src/../../../../include/Tracking.h:26[m[K,
[5.544s]                  from [01m[K/home/bdonyanavard/repos/ORB_SLAM3/Examples/ROS/ORB_SLAM3/src/../../../../include/System.h:31[m[K,
[5.544s]                  from [01m[K/home/bdonyanavard/repos/ORB_SLAM3/Examples/ROS/ORB_SLAM3/src/mono_inertial.cpp:35[m[K:
[5.544s] [01m[K/home/bdonyanavard/repos/ORB_SLAM3/Examples/ROS/ORB_SLAM3/src/../../../../include/Settings.h:232:2:[m[K [01;35m[Kwarning: [m[Kextra ‘[01m[K;[m[K’ [[01;35m[K-Wpedantic[m[K]
[5.544s]   232 | }[01;35m[K;[m[K
[5.544s]       |  [01;35m[K^[m[K
[5.853s] In file included from [01m[K/home/bdonyanavard/repos/ORB_SLAM3/Examples/ROS/ORB_SLAM3/src/../../../../include/Atlas.h:26[m[K,
[5.853s]                  from [01m[K/home/bdonyanavard/repos/ORB_SLAM3/Examples/ROS/ORB_SLAM3/src/../../../../include/FrameDrawer.h:25[m[K,
[5.853s]                  from [01m[K/home/bdonyanavard/repos/ORB_SLAM3/Examples/ROS/ORB_SLAM3/src/../../../../include/Viewer.h:23[m[K,
[5.853s]                  from [01m[K/home/bdonyanavard/repos/ORB_SLAM3/Examples/ROS/ORB_SLAM3/src/../../../../include/Tracking.h:26[m[K,
[5.853s]                  from [01m[K/home/bdonyanavard/repos/ORB_SLAM3/Examples/ROS/ORB_SLAM3/src/../../../../include/System.h:31[m[K,
[5.853s]                  from [01m[K/home/bdonyanavard/repos/ORB_SLAM3/Examples/ROS/ORB_SLAM3/src/mono_inertial.cpp:35[m[K:
[5.853s] [01m[K/home/bdonyanavard/repos/ORB_SLAM3/Examples/ROS/ORB_SLAM3/../../../include/CameraModels/Pinhole.h:[m[K In member function ‘[01m[Kvirtual bool ORB_SLAM3::Pinhole::matchAndtriangulate(const cv::KeyPoint&, const cv::KeyPoint&, ORB_SLAM3::GeometricCamera*, Sophus::SE3f&, Sophus::SE3f&, float, float, Eigen::Vector3f&)[m[K’:
[5.854s] [01m[K/home/bdonyanavard/repos/ORB_SLAM3/Examples/ROS/ORB_SLAM3/../../../include/CameraModels/Pinhole.h:83:54:[m[K [01;35m[Kwarning: [m[Kunused parameter ‘[01m[Kkp1[m[K’ [[01;35m[K-Wunused-parameter[m[K]
[5.854s]    83 |         bool matchAndtriangulate([01;35m[Kconst cv::KeyPoint& kp1[m[K, const cv::KeyPoint& kp2, GeometricCamera* pOther,
[5.854s]       |                                  [01;35m[K~~~~~~~~~~~~~~~~~~~~^~~[m[K
[5.854s] [01m[K/home/bdonyanavard/repos/ORB_SLAM3/Examples/ROS/ORB_SLAM3/../../../include/CameraModels/Pinhole.h:83:79:[m[K [01;35m[Kwarning: [m[Kunused parameter ‘[01m[Kkp2[m[K’ [[01;35m[K-Wunused-parameter[m[K]
[5.854s]    83 |         bool matchAndtriangulate(const cv::KeyPoint& kp1, [01;35m[Kconst cv::KeyPoint& kp2[m[K, GeometricCamera* pOther,
[5.854s]       |                                                           [01;35m[K~~~~~~~~~~~~~~~~~~~~^~~[m[K
[5.854s] [01m[K/home/bdonyanavard/repos/ORB_SLAM3/Examples/ROS/ORB_SLAM3/../../../include/CameraModels/Pinhole.h:83:101:[m[K [01;35m[Kwarning: [m[Kunused parameter ‘[01m[KpOther[m[K’ [[01;35m[K-Wunused-parameter[m[K]
[5.854s]    83 |         bool matchAndtriangulate(const cv::KeyPoint& kp1, const cv::KeyPoint& kp2, [01;35m[KGeometricCamera* pOther[m[K,
[5.855s]       |                                                                                    [01;35m[K~~~~~~~~~~~~~~~~~^~~~~~[m[K
[5.855s] [01m[K/home/bdonyanavard/repos/ORB_SLAM3/Examples/ROS/ORB_SLAM3/../../../include/CameraModels/Pinhole.h:84:48:[m[K [01;35m[Kwarning: [m[Kunused parameter ‘[01m[KTcw1[m[K’ [[01;35m[K-Wunused-parameter[m[K]
[5.855s]    84 |                                  [01;35m[KSophus::SE3f& Tcw1[m[K, Sophus::SE3f& Tcw2,
[5.855s]       |                                  [01;35m[K~~~~~~~~~~~~~~^~~~[m[K
[5.855s] [01m[K/home/bdonyanavard/repos/ORB_SLAM3/Examples/ROS/ORB_SLAM3/../../../include/CameraModels/Pinhole.h:84:68:[m[K [01;35m[Kwarning: [m[Kunused parameter ‘[01m[KTcw2[m[K’ [[01;35m[K-Wunused-parameter[m[K]
[5.855s]    84 |                                  Sophus::SE3f& Tcw1, [01;35m[KSophus::SE3f& Tcw2[m[K,
[5.855s]       |                                                      [01;35m[K~~~~~~~~~~~~~~^~~~[m[K
[5.855s] [01m[K/home/bdonyanavard/repos/ORB_SLAM3/Examples/ROS/ORB_SLAM3/../../../include/CameraModels/Pinhole.h:85:46:[m[K [01;35m[Kwarning: [m[Kunused parameter ‘[01m[KsigmaLevel1[m[K’ [[01;35m[K-Wunused-parameter[m[K]
[5.855s]    85 |                                  [01;35m[Kconst float sigmaLevel1[m[K, const float sigmaLevel2,
[5.855s]       |                                  [01;35m[K~~~~~~~~~~~~^~~~~~~~~~~[m[K
[5.855s] [01m[K/home/bdonyanavard/repos/ORB_SLAM3/Examples/ROS/ORB_SLAM3/../../../include/CameraModels/Pinhole.h:85:71:[m[K [01;35m[Kwarning: [m[Kunused parameter ‘[01m[KsigmaLevel2[m[K’ [[01;35m[K-Wunused-parameter[m[K]
[5.856s]    85 |                                  const float sigmaLevel1, [01;35m[Kconst float sigmaLevel2[m[K,
[5.856s]       |                                                           [01;35m[K~~~~~~~~~~~~^~~~~~~~~~~[m[K
[5.856s] [01m[K/home/bdonyanavard/repos/ORB_SLAM3/Examples/ROS/ORB_SLAM3/../../../include/CameraModels/Pinhole.h:86:51:[m[K [01;35m[Kwarning: [m[Kunused parameter ‘[01m[Kx3Dtriangulated[m[K’ [[01;35m[K-Wunused-parameter[m[K]
[5.856s]    86 |                                  [01;35m[KEigen::Vector3f& x3Dtriangulated[m[K) { return false;}
[5.856s]       |                                  [01;35m[K~~~~~~~~~~~~~~~~~^~~~~~~~~~~~~~~[m[K
[5.856s] In file included from [01m[K/home/bdonyanavard/repos/ORB_SLAM3/Examples/ROS/ORB_SLAM3/src/../../../../include/Atlas.h:27[m[K,
[5.856s]                  from [01m[K/home/bdonyanavard/repos/ORB_SLAM3/Examples/ROS/ORB_SLAM3/src/../../../../include/FrameDrawer.h:25[m[K,
[5.856s]                  from [01m[K/home/bdonyanavard/repos/ORB_SLAM3/Examples/ROS/ORB_SLAM3/src/../../../../include/Viewer.h:23[m[K,
[5.856s]                  from [01m[K/home/bdonyanavard/repos/ORB_SLAM3/Examples/ROS/ORB_SLAM3/src/../../../../include/Tracking.h:26[m[K,
[5.856s]                  from [01m[K/home/bdonyanavard/repos/ORB_SLAM3/Examples/ROS/ORB_SLAM3/src/../../../../include/System.h:31[m[K,
[5.856s]                  from [01m[K/home/bdonyanavard/repos/ORB_SLAM3/Examples/ROS/ORB_SLAM3/src/mono_inertial.cpp:35[m[K:
[5.856s] [01m[K/home/bdonyanavard/repos/ORB_SLAM3/Examples/ROS/ORB_SLAM3/../../../include/CameraModels/KannalaBrandt8.h:[m[K In constructor ‘[01m[KORB_SLAM3::KannalaBrandt8::KannalaBrandt8(std::vector<float>)[m[K’:
[5.857s] [01m[K/home/bdonyanavard/repos/ORB_SLAM3/Examples/ROS/ORB_SLAM3/../../../include/CameraModels/KannalaBrandt8.h:102:21:[m[K [01;35m[Kwarning: [m[K‘[01m[KORB_SLAM3::KannalaBrandt8::precision[m[K’ will be initialized after [[01;35m[K-Wreorder[m[K]
[5.857s]   102 |         const float [01;35m[Kprecision[m[K;
[5.857s]       |                     [01;35m[K^~~~~~~~~[m[K
[5.857s] [01m[K/home/bdonyanavard/repos/ORB_SLAM3/Examples/ROS/ORB_SLAM3/../../../include/CameraModels/KannalaBrandt8.h:88:26:[m[K [01;35m[Kwarning: [m[K  ‘[01m[Kstd::vector<int> ORB_SLAM3::KannalaBrandt8::mvLappingArea[m[K’ [[01;35m[K-Wreorder[m[K]
[5.857s]    88 |         std::vector<int> [01;35m[KmvLappingArea[m[K;
[5.857s]       |                          [01;35m[K^~~~~~~~~~~~~[m[K
[5.857s] In file included from [01m[K/home/bdonyanavard/repos/ORB_SLAM3/Examples/ROS/ORB_SLAM3/src/../../../../include/Atlas.h:27[m[K,
[5.857s]                  from [01m[K/home/bdonyanavard/repos/ORB_SLAM3/Examples/ROS/ORB_SLAM3/src/../../../../include/FrameDrawer.h:25[m[K,
[5.857s]                  from [01m[K/home/bdonyanavard/repos/ORB_SLAM3/Examples/ROS/ORB_SLAM3/src/../../../../include/Viewer.h:23[m[K,
[5.857s]                  from [01m[K/home/bdonyanavard/repos/ORB_SLAM3/Examples/ROS/ORB_SLAM3/src/../../../../include/Tracking.h:26[m[K,
[5.857s]                  from [01m[K/home/bdonyanavard/repos/ORB_SLAM3/Examples/ROS/ORB_SLAM3/src/../../../../include/System.h:31[m[K,
[5.858s]                  from [01m[K/home/bdonyanavard/repos/ORB_SLAM3/Examples/ROS/ORB_SLAM3/src/mono_inertial.cpp:35[m[K:
[5.858s] [01m[K/home/bdonyanavard/repos/ORB_SLAM3/Examples/ROS/ORB_SLAM3/../../../include/CameraModels/KannalaBrandt8.h:47:9:[m[K [01;35m[Kwarning: [m[K  when initialized here [[01;35m[K-Wreorder[m[K]
[5.858s]    47 |         [01;35m[KKannalaBrandt8[m[K(const std::vector<float> _vParameters) : GeometricCamera(_vParameters), precision(1e-6), mvLappingArea(2,0) ,tvr(nullptr) {
[5.858s]       |         [01;35m[K^~~~~~~~~~~~~~[m[K
[5.858s] In file included from [01m[K/home/bdonyanavard/repos/ORB_SLAM3/Examples/ROS/ORB_SLAM3/src/../../../../include/Atlas.h:27[m[K,
[5.858s]                  from [01m[K/home/bdonyanavard/repos/ORB_SLAM3/Examples/ROS/ORB_SLAM3/src/../../../../include/FrameDrawer.h:25[m[K,
[5.858s]                  from [01m[K/home/bdonyanavard/repos/ORB_SLAM3/Examples/ROS/ORB_SLAM3/src/../../../../include/Viewer.h:23[m[K,
[5.858s]                  from [01m[K/home/bdonyanavard/repos/ORB_SLAM3/Examples/ROS/ORB_SLAM3/src/../../../../include/Tracking.h:26[m[K,
[5.858s]                  from [01m[K/home/bdonyanavard/repos/ORB_SLAM3/Examples/ROS/ORB_SLAM3/src/../../../../include/System.h:31[m[K,
[5.858s]                  from [01m[K/home/bdonyanavard/repos/ORB_SLAM3/Examples/ROS/ORB_SLAM3/src/mono_inertial.cpp:35[m[K:
[5.858s] [01m[K/home/bdonyanavard/repos/ORB_SLAM3/Examples/ROS/ORB_SLAM3/../../../include/CameraModels/KannalaBrandt8.h:[m[K In constructor ‘[01m[KORB_SLAM3::KannalaBrandt8::KannalaBrandt8(std::vector<float>, float)[m[K’:
[5.859s] [01m[K/home/bdonyanavard/repos/ORB_SLAM3/Examples/ROS/ORB_SLAM3/../../../include/CameraModels/KannalaBrandt8.h:102:21:[m[K [01;35m[Kwarning: [m[K‘[01m[KORB_SLAM3::KannalaBrandt8::precision[m[K’ will be initialized after [[01;35m[K-Wreorder[m[K]
[5.859s]   102 |         const float [01;35m[Kprecision[m[K;
[5.859s]       |                     [01;35m[K^~~~~~~~~[m[K
[5.859s] [01m[K/home/bdonyanavard/repos/ORB_SLAM3/Examples/ROS/ORB_SLAM3/../../../include/CameraModels/KannalaBrandt8.h:88:26:[m[K [01;35m[Kwarning: [m[K  ‘[01m[Kstd::vector<int> ORB_SLAM3::KannalaBrandt8::mvLappingArea[m[K’ [[01;35m[K-Wreorder[m[K]
[5.859s]    88 |         std::vector<int> [01;35m[KmvLappingArea[m[K;
[5.859s]       |                          [01;35m[K^~~~~~~~~~~~~[m[K
[5.859s] [01m[K/home/bdonyanavard/repos/ORB_SLAM3/Examples/ROS/ORB_SLAM3/../../../include/CameraModels/KannalaBrandt8.h:53:9:[m[K [01;35m[Kwarning: [m[K  when initialized here [[01;35m[K-Wreorder[m[K]
[5.859s]    53 |         [01;35m[KKannalaBrandt8[m[K(const std::vector<float> _vParameters, const float _precision) : GeometricCamera(_vParameters),
[5.859s]       |         [01;35m[K^~~~~~~~~~~~~~[m[K
[5.859s] [01m[K/home/bdonyanavard/repos/ORB_SLAM3/Examples/ROS/ORB_SLAM3/../../../include/CameraModels/KannalaBrandt8.h:[m[K In constructor ‘[01m[KORB_SLAM3::KannalaBrandt8::KannalaBrandt8(ORB_SLAM3::KannalaBrandt8*)[m[K’:
[5.859s] [01m[K/home/bdonyanavard/repos/ORB_SLAM3/Examples/ROS/ORB_SLAM3/../../../include/CameraModels/KannalaBrandt8.h:102:21:[m[K [01;35m[Kwarning: [m[K‘[01m[KORB_SLAM3::KannalaBrandt8::precision[m[K’ will be initialized after [[01;35m[K-Wreorder[m[K]
[5.860s]   102 |         const float [01;35m[Kprecision[m[K;
[5.860s]       |                     [01;35m[K^~~~~~~~~[m[K
[5.860s] [01m[K/home/bdonyanavard/repos/ORB_SLAM3/Examples/ROS/ORB_SLAM3/../../../include/CameraModels/KannalaBrandt8.h:88:26:[m[K [01;35m[Kwarning: [m[K  ‘[01m[Kstd::vector<int> ORB_SLAM3::KannalaBrandt8::mvLappingArea[m[K’ [[01;35m[K-Wreorder[m[K]
[5.860s]    88 |         std::vector<int> [01;35m[KmvLappingArea[m[K;
[5.860s]       |                          [01;35m[K^~~~~~~~~~~~~[m[K
[5.860s] [01m[K/home/bdonyanavard/repos/ORB_SLAM3/Examples/ROS/ORB_SLAM3/../../../include/CameraModels/KannalaBrandt8.h:59:9:[m[K [01;35m[Kwarning: [m[K  when initialized here [[01;35m[K-Wreorder[m[K]
[5.860s]    59 |         [01;35m[KKannalaBrandt8[m[K(KannalaBrandt8* pKannala) : GeometricCamera(pKannala->mvParameters), precision(pKannala->precision), mvLappingArea(2,0) ,tvr(nullptr) {
[5.860s]       |         [01;35m[K^~~~~~~~~~~~~~[m[K
[5.993s] [01m[K/home/bdonyanavard/repos/ORB_SLAM3/Examples/ROS/ORB_SLAM3/src/mono_inertial.cpp:[m[K At global scope:
[5.993s] [01m[K/home/bdonyanavard/repos/ORB_SLAM3/Examples/ROS/ORB_SLAM3/src/mono_inertial.cpp:45:63:[m[K [01;35m[Kwarning: [m[K‘[01m[Ksensor_msgs::msg::Imu_<std::allocator<void> >::ConstPtr[m[K’ is deprecated [[01;35m[K-Wdeprecated-declarations[m[K]
[5.993s]    45 |     void GrabImu(const sensor_msgs::msg::Imu::ConstPtr imu_msg[01;35m[K)[m[K;
[5.993s]       |                                                               [01;35m[K^[m[K
[5.993s] In file included from [01m[K/opt/ros/foxy/include/sensor_msgs/msg/imu.hpp:7[m[K,
[5.993s]                  from [01m[K/home/bdonyanavard/repos/ORB_SLAM3/Examples/ROS/ORB_SLAM3/src/mono_inertial.cpp:30[m[K:
[5.994s] [01m[K/opt/ros/foxy/include/sensor_msgs/msg/detail/imu__struct.hpp:181:5:[m[K [01;36m[Knote: [m[Kdeclared here
[5.994s]   181 |     [01;36m[KConstPtr[m[K;
[5.994s]       |     [01;36m[K^~~~~~~~[m[K
[5.994s] [01m[K/home/bdonyanavard/repos/ORB_SLAM3/Examples/ROS/ORB_SLAM3/src/mono_inertial.cpp:47:34:[m[K [01;35m[Kwarning: [m[K‘[01m[Ksensor_msgs::msg::Imu_<std::allocator<void> >::ConstPtr[m[K’ is deprecated [[01;35m[K-Wdeprecated-declarations[m[K]
[5.994s]    47 |     queue<sensor_msgs::msg::Imu::[01;35m[KConstPtr[m[K> imuBuf;
[5.994s]       |                                  [01;35m[K^~~~~~~~[m[K
[5.994s] In file included from [01m[K/opt/ros/foxy/include/sensor_msgs/msg/imu.hpp:7[m[K,
[5.994s]                  from [01m[K/home/bdonyanavard/repos/ORB_SLAM3/Examples/ROS/ORB_SLAM3/src/mono_inertial.cpp:30[m[K:
[5.994s] [01m[K/opt/ros/foxy/include/sensor_msgs/msg/detail/imu__struct.hpp:181:5:[m[K [01;36m[Knote: [m[Kdeclared here
[5.994s]   181 |     [01;36m[KConstPtr[m[K;
[5.994s]       |     [01;36m[K^~~~~~~~[m[K
[5.996s] [01m[K/home/bdonyanavard/repos/ORB_SLAM3/Examples/ROS/ORB_SLAM3/src/mono_inertial.cpp:56:63:[m[K [01;35m[Kwarning: [m[K‘[01m[Ksensor_msgs::msg::Image_<std::allocator<void> >::ConstPtr[m[K’ is deprecated [[01;35m[K-Wdeprecated-declarations[m[K]
[5.996s]    56 |     void GrabImage(const sensor_msgs::msg::Image::ConstPtr msg[01;35m[K)[m[K;
[5.996s]       |                                                               [01;35m[K^[m[K
[5.996s] In file included from [01m[K/opt/ros/foxy/include/sensor_msgs/msg/image.hpp:7[m[K,
[5.996s]                  from [01m[K/opt/ros/foxy/include/cv_bridge/cv_bridge.h:40[m[K,
[5.996s]                  from [01m[K/home/bdonyanavard/repos/ORB_SLAM3/Examples/ROS/ORB_SLAM3/src/mono_inertial.cpp:29[m[K:
[5.996s] [01m[K/opt/ros/foxy/include/sensor_msgs/msg/detail/image__struct.hpp:172:5:[m[K [01;36m[Knote: [m[Kdeclared here
[5.997s]   172 |     [01;36m[KConstPtr[m[K;
[5.997s]       |     [01;36m[K^~~~~~~~[m[K
[5.997s] [01m[K/home/bdonyanavard/repos/ORB_SLAM3/Examples/ROS/ORB_SLAM3/src/mono_inertial.cpp:57:69:[m[K [01;35m[Kwarning: [m[K‘[01m[Ksensor_msgs::msg::Image_<std::allocator<void> >::ConstPtr[m[K’ is deprecated [[01;35m[K-Wdeprecated-declarations[m[K]
[5.997s]    57 |     cv::Mat GetImage(const sensor_msgs::msg::Image::ConstPtr img_msg[01;35m[K)[m[K;
[5.997s]       |                                                                     [01;35m[K^[m[K
[5.997s] In file included from [01m[K/opt/ros/foxy/include/sensor_msgs/msg/image.hpp:7[m[K,
[5.997s]                  from [01m[K/opt/ros/foxy/include/cv_bridge/cv_bridge.h:40[m[K,
[5.997s]                  from [01m[K/home/bdonyanavard/repos/ORB_SLAM3/Examples/ROS/ORB_SLAM3/src/mono_inertial.cpp:29[m[K:
[5.997s] [01m[K/opt/ros/foxy/include/sensor_msgs/msg/detail/image__struct.hpp:172:5:[m[K [01;36m[Knote: [m[Kdeclared here
[5.997s]   172 |     [01;36m[KConstPtr[m[K;
[5.997s]       |     [01;36m[K^~~~~~~~[m[K
[5.998s] [01m[K/home/bdonyanavard/repos/ORB_SLAM3/Examples/ROS/ORB_SLAM3/src/mono_inertial.cpp:60:36:[m[K [01;35m[Kwarning: [m[K‘[01m[Ksensor_msgs::msg::Image_<std::allocator<void> >::ConstPtr[m[K’ is deprecated [[01;35m[K-Wdeprecated-declarations[m[K]
[5.998s]    60 |     queue<sensor_msgs::msg::Image::[01;35m[KConstPtr[m[K> img0Buf;
[5.998s]       |                                    [01;35m[K^~~~~~~~[m[K
[5.998s] In file included from [01m[K/opt/ros/foxy/include/sensor_msgs/msg/image.hpp:7[m[K,
[5.998s]                  from [01m[K/opt/ros/foxy/include/cv_bridge/cv_bridge.h:40[m[K,
[5.998s]                  from [01m[K/home/bdonyanavard/repos/ORB_SLAM3/Examples/ROS/ORB_SLAM3/src/mono_inertial.cpp:29[m[K:
[5.998s] [01m[K/opt/ros/foxy/include/sensor_msgs/msg/detail/image__struct.hpp:172:5:[m[K [01;36m[Knote: [m[Kdeclared here
[5.998s]   172 |     [01;36m[KConstPtr[m[K;
[5.998s]       |     [01;36m[K^~~~~~~~[m[K
[6.072s] [01m[K/home/bdonyanavard/repos/ORB_SLAM3/Examples/ROS/ORB_SLAM3/src/mono_inertial.cpp:120:77:[m[K [01;35m[Kwarning: [m[K‘[01m[Ksensor_msgs::msg::Image_<std::allocator<void> >::ConstPtr[m[K’ is deprecated [[01;35m[K-Wdeprecated-declarations[m[K]
[6.072s]   120 | void ImageGrabber::GrabImage(const sensor_msgs::msg::Image::ConstPtr img_msg[01;35m[K)[m[K
[6.072s]       |                                                                             [01;35m[K^[m[K
[6.072s] In file included from [01m[K/opt/ros/foxy/include/sensor_msgs/msg/image.hpp:7[m[K,
[6.073s]                  from [01m[K/opt/ros/foxy/include/cv_bridge/cv_bridge.h:40[m[K,
[6.073s]                  from [01m[K/home/bdonyanavard/repos/ORB_SLAM3/Examples/ROS/ORB_SLAM3/src/mono_inertial.cpp:29[m[K:
[6.073s] [01m[K/opt/ros/foxy/include/sensor_msgs/msg/detail/image__struct.hpp:172:5:[m[K [01;36m[Knote: [m[Kdeclared here
[6.073s]   172 |     [01;36m[KConstPtr[m[K;
[6.073s]       |     [01;36m[K^~~~~~~~[m[K
[6.074s] [01m[K/home/bdonyanavard/repos/ORB_SLAM3/Examples/ROS/ORB_SLAM3/src/mono_inertial.cpp:129:79:[m[K [01;35m[Kwarning: [m[K‘[01m[Ksensor_msgs::msg::Image_<std::allocator<void> >::ConstPtr[m[K’ is deprecated [[01;35m[K-Wdeprecated-declarations[m[K]
[6.074s]   129 | cv::Mat ImageGrabber::GetImage(const sensor_msgs::msg::Image::ConstPtr img_msg[01;35m[K)[m[K
[6.074s]       |                                                                               [01;35m[K^[m[K
[6.074s] In file included from [01m[K/opt/ros/foxy/include/sensor_msgs/msg/image.hpp:7[m[K,
[6.074s]                  from [01m[K/opt/ros/foxy/include/cv_bridge/cv_bridge.h:40[m[K,
[6.075s]                  from [01m[K/home/bdonyanavard/repos/ORB_SLAM3/Examples/ROS/ORB_SLAM3/src/mono_inertial.cpp:29[m[K:
[6.075s] [01m[K/opt/ros/foxy/include/sensor_msgs/msg/detail/image__struct.hpp:172:5:[m[K [01;36m[Knote: [m[Kdeclared here
[6.075s]   172 |     [01;36m[KConstPtr[m[K;
[6.075s]       |     [01;36m[K^~~~~~~~[m[K
[6.082s] [01m[K/home/bdonyanavard/repos/ORB_SLAM3/Examples/ROS/ORB_SLAM3/src/mono_inertial.cpp:203:71:[m[K [01;35m[Kwarning: [m[K‘[01m[Ksensor_msgs::msg::Imu_<std::allocator<void> >::ConstPtr[m[K’ is deprecated [[01;35m[K-Wdeprecated-declarations[m[K]
[6.082s]   203 | void ImuGrabber::GrabImu(const sensor_msgs::msg::Imu::ConstPtr imu_msg[01;35m[K)[m[K
[6.082s]       |                                                                       [01;35m[K^[m[K
[6.082s] In file included from [01m[K/opt/ros/foxy/include/sensor_msgs/msg/imu.hpp:7[m[K,
[6.082s]                  from [01m[K/home/bdonyanavard/repos/ORB_SLAM3/Examples/ROS/ORB_SLAM3/src/mono_inertial.cpp:30[m[K:
[6.082s] [01m[K/opt/ros/foxy/include/sensor_msgs/msg/detail/imu__struct.hpp:181:5:[m[K [01;36m[Knote: [m[Kdeclared here
[6.082s]   181 |     [01;36m[KConstPtr[m[K;
[6.083s]       |     [01;36m[K^~~~~~~~[m[K
[14.189s] [100%] [32m[1mLinking CXX executable mono_inertial[0m
[14.314s] /usr/bin/ld: CMakeFiles/mono_inertial.dir/src/mono_inertial.cpp.o: undefined reference to symbol '_ZN2cv11createCLAHEEdNS_5Size_IiEE'
[14.314s] /usr/bin/ld: /home/shared/opencv-4.5.5/build/lib/libopencv_imgproc.so.405: error adding symbols: DSO missing from command line
[14.317s] collect2: error: ld returned 1 exit status
[14.319s] make[2]: *** [CMakeFiles/mono_inertial.dir/build.make:163: mono_inertial] Error 1
[14.319s] make[1]: *** [CMakeFiles/Makefile2:105: CMakeFiles/mono_inertial.dir/all] Error 2
[14.320s] make: *** [Makefile:141: all] Error 2
[14.322s] Invoked command in '/home/bdonyanavard/repos/ORB_SLAM3/Examples/ROS/ORB_SLAM3/build/ORB_SLAM3' returned '2': CMAKE_PREFIX_PATH=/opt/ros/foxy /usr/bin/cmake --build /home/bdonyanavard/repos/ORB_SLAM3/Examples/ROS/ORB_SLAM3/build/ORB_SLAM3 -- -j64 -l64
